00:00:01.296677 VirtualBox VM 6.0.4 r128413 darwin.amd64 (Jan 25 2019 19:26:11) release log
00:00:01.296700 Log opened 2019-10-04T10:15:39.981390000Z
00:00:01.296701 Build Type: release
00:00:01.296710 OS Product: Darwin
00:00:01.296715 OS Release: 16.7.0
00:00:01.296719 OS Version: Darwin Kernel Version 16.7.0: Wed Oct  4 00:17:00 PDT 2017; root:xnu-3789.71.6~1/RELEASE_X86_64
00:00:01.296788 DMI Product Name: iMac18,3
00:00:01.296831 DMI Product Version: 1.0
00:00:01.296837 Host RAM: 8192MB (8.0GB) total, 3036MB (2.9GB) available
00:00:01.296839 Executable: /Applications/VirtualBox.app/Contents/MacOS/VirtualBoxVM
00:00:01.296839 Process ID: 27329
00:00:01.296839 Package type: DARWIN_64BITS_GENERIC
00:00:01.298876 Installed Extension Packs:
00:00:01.298925   None installed!
00:00:01.299876 Console: Machine state changed to 'Starting'
00:00:01.300192 Qt version: 5.6.3
00:00:01.319235 SUP: Loaded VMMR0.r0 (/Applications/VirtualBox.app/Contents/MacOS/VMMR0.r0) at 0xXXXXXXXXXXXXXXXX - ModuleInit at XXXXXXXXXXXXXXXX and ModuleTerm at XXXXXXXXXXXXXXXX using the native ring-0 loader
00:00:01.319293 SUP: VMMR0EntryEx located at XXXXXXXXXXXXXXXX and VMMR0EntryFast at XXXXXXXXXXXXXXXX
00:00:01.322441 Guest OS type: 'Ubuntu_64'
00:00:01.325715 fHMForced=true - No raw-mode support in this build!
00:00:01.340197 File system of '/sgoinfre/svan-der/Virtual Machine/VBoxGuestAdditions.iso' (DVD) is nfs
00:00:01.349627 File system of '/sgoinfre/svan-der/Virtual Machine/Ubuntu/Ubuntu/Snapshots' (snapshots) is unknown
00:00:01.349724 File system of '/sgoinfre/svan-der/Virtual Machine/Ubuntu/Ubuntu/Ubuntu.vdi' is nfs
00:00:01.393549 GUI: UIMediumEnumerator: Medium-enumeration finished!
00:00:01.424514 Shared clipboard service loaded
00:00:01.424630 Shared clipboard mode: Bidirectional
00:00:01.436414 Drag and drop service loaded
00:00:01.436485 Drag and drop mode: Bidirectional
00:00:01.438699 ************************* CFGM dump *************************
00:00:01.438717 [/] (level 0)
00:00:01.438721   CpuExecutionCap   <integer> = 0x0000000000000064 (100)
00:00:01.438723   EnablePAE         <integer> = 0x0000000000000000 (0)
00:00:01.438724   HMEnabled         <integer> = 0x0000000000000001 (1)
00:00:01.438724   MemBalloonSize    <integer> = 0x0000000000000000 (0)
00:00:01.438725   Name              <string>  = "Ubuntu" (cb=7)
00:00:01.438726   NumCPUs           <integer> = 0x0000000000000001 (1)
00:00:01.438726   PageFusionAllowed <integer> = 0x0000000000000000 (0)
00:00:01.438727   RamHoleSize       <integer> = 0x0000000020000000 (536 870 912, 512 MB)
00:00:01.438728   RamSize           <integer> = 0x0000000160100000 (5 906 628 608, 5 633 MB, 5.5 GB)
00:00:01.438730   TimerMillies      <integer> = 0x000000000000000a (10)
00:00:01.438731   UUID              <bytes>   = "88 8f 89 9b eb 3e 3e 4d a3 52 ab 4f 44 7e 69 7f" (cb=16)
00:00:01.438735 
00:00:01.438735 [/CPUM/] (level 1)
00:00:01.438736   GuestCpuName       <string>  = "host" (cb=5)
00:00:01.438737   NestedHWVirt       <integer> = 0x0000000000000000 (0)
00:00:01.438738   PortableCpuIdLevel <integer> = 0x0000000000000000 (0)
00:00:01.438738   SpecCtrl           <integer> = 0x0000000000000000 (0)
00:00:01.438739 
00:00:01.438739 [/CPUM/IsaExts/] (level 2)
00:00:01.438740 
00:00:01.438740 [/DBGC/] (level 1)
00:00:01.438741   GlobalInitScript <string>  = "/Users/svan-der/Library/VirtualBox/dbgc-init" (cb=45)
00:00:01.438741   HistoryFile      <string>  = "/Users/svan-der/Library/VirtualBox/dbgc-history" (cb=48)
00:00:01.438742   LocalInitScript  <string>  = "/sgoinfre/svan-der/Virtual Machine/Ubuntu/Ubuntu/dbgc-init" (cb=59)
00:00:01.438743 
00:00:01.438743 [/DBGF/] (level 1)
00:00:01.438743   Path <string>  = "/sgoinfre/svan-der/Virtual Machine/Ubuntu/Ubuntu/debug/;/sgoinfre/svan-der/Virtual Machine/Ubuntu/Ubuntu/;/Users/svan-der/" (cb=123)
00:00:01.438744 
00:00:01.438744 [/Devices/] (level 1)
00:00:01.438745 
00:00:01.438745 [/Devices/8237A/] (level 2)
00:00:01.438746 
00:00:01.438746 [/Devices/8237A/0/] (level 3)
00:00:01.438747   Trusted <integer> = 0x0000000000000001 (1)
00:00:01.438747 
00:00:01.438747 [/Devices/GIMDev/] (level 2)
00:00:01.438748 
00:00:01.438748 [/Devices/GIMDev/0/] (level 3)
00:00:01.438749   Trusted <integer> = 0x0000000000000001 (1)
00:00:01.438749 
00:00:01.438750 [/Devices/VMMDev/] (level 2)
00:00:01.438750 
00:00:01.438750 [/Devices/VMMDev/0/] (level 3)
00:00:01.438751   PCIBusNo      <integer> = 0x0000000000000000 (0)
00:00:01.438752   PCIDeviceNo   <integer> = 0x0000000000000004 (4)
00:00:01.438752   PCIFunctionNo <integer> = 0x0000000000000000 (0)
00:00:01.438753   Trusted       <integer> = 0x0000000000000001 (1)
00:00:01.438754 
00:00:01.438754 [/Devices/VMMDev/0/Config/] (level 4)
00:00:01.438755   GuestCoreDumpDir <string>  = "/sgoinfre/svan-der/Virtual Machine/Ubuntu/Ubuntu/Snapshots" (cb=59)
00:00:01.438755 
00:00:01.438755 [/Devices/VMMDev/0/LUN#0/] (level 4)
00:00:01.438756   Driver <string>  = "HGCM" (cb=5)
00:00:01.438757 
00:00:01.438757 [/Devices/VMMDev/0/LUN#0/Config/] (level 5)
00:00:01.438758   Object <integer> = 0x00007fb285cd8030 (140 404 725 743 664)
00:00:01.438759 
00:00:01.438759 [/Devices/VMMDev/0/LUN#999/] (level 4)
00:00:01.438760   Driver <string>  = "MainStatus" (cb=11)
00:00:01.438760 
00:00:01.438760 [/Devices/VMMDev/0/LUN#999/Config/] (level 5)
00:00:01.438761   First   <integer> = 0x0000000000000000 (0)
00:00:01.438762   Last    <integer> = 0x0000000000000000 (0)
00:00:01.438762   papLeds <integer> = 0x00007fb28684d7a0 (140 404 737 759 136)
00:00:01.438763 
00:00:01.438764 [/Devices/acpi/] (level 2)
00:00:01.438764 
00:00:01.438764 [/Devices/acpi/0/] (level 3)
00:00:01.438765   PCIBusNo      <integer> = 0x0000000000000000 (0)
00:00:01.438766   PCIDeviceNo   <integer> = 0x0000000000000007 (7)
00:00:01.438766   PCIFunctionNo <integer> = 0x0000000000000000 (0)
00:00:01.438767   Trusted       <integer> = 0x0000000000000001 (1)
00:00:01.438767 
00:00:01.438768 [/Devices/acpi/0/Config/] (level 4)
00:00:01.438769   CpuHotPlug          <integer> = 0x0000000000000000 (0)
00:00:01.438769   FdcEnabled          <integer> = 0x0000000000000000 (0)
00:00:01.438770   HostBusPciAddress   <integer> = 0x0000000000000000 (0)
00:00:01.438770   HpetEnabled         <integer> = 0x0000000000000000 (0)
00:00:01.438771   IOAPIC              <integer> = 0x0000000000000001 (1)
00:00:01.438771   IocPciAddress       <integer> = 0x0000000000010000 (65 536)
00:00:01.438772   NumCPUs             <integer> = 0x0000000000000001 (1)
00:00:01.438773   Parallel0IoPortBase <integer> = 0x0000000000000000 (0)
00:00:01.438773   Parallel0Irq        <integer> = 0x0000000000000000 (0)
00:00:01.438774   Parallel1IoPortBase <integer> = 0x0000000000000000 (0)
00:00:01.438774   Parallel1Irq        <integer> = 0x0000000000000000 (0)
00:00:01.438775   Serial0IoPortBase   <integer> = 0x0000000000000000 (0)
00:00:01.438775   Serial0Irq          <integer> = 0x0000000000000000 (0)
00:00:01.438776   Serial1IoPortBase   <integer> = 0x0000000000000000 (0)
00:00:01.438776   Serial1Irq          <integer> = 0x0000000000000000 (0)
00:00:01.438777   ShowCpu             <integer> = 0x0000000000000001 (1)
00:00:01.438778   ShowRtc             <integer> = 0x0000000000000000 (0)
00:00:01.438778   SmcEnabled          <integer> = 0x0000000000000000 (0)
00:00:01.438779 
00:00:01.438779 [/Devices/acpi/0/LUN#0/] (level 4)
00:00:01.438780   Driver <string>  = "ACPIHost" (cb=9)
00:00:01.438780 
00:00:01.438780 [/Devices/acpi/0/LUN#0/Config/] (level 5)
00:00:01.438781 
00:00:01.438781 [/Devices/ahci/] (level 2)
00:00:01.438782 
00:00:01.438782 [/Devices/ahci/0/] (level 3)
00:00:01.438783   PCIBusNo      <integer> = 0x0000000000000000 (0)
00:00:01.438784   PCIDeviceNo   <integer> = 0x000000000000000d (13)
00:00:01.438784   PCIFunctionNo <integer> = 0x0000000000000000 (0)
00:00:01.438785   Trusted       <integer> = 0x0000000000000001 (1)
00:00:01.438785 
00:00:01.438785 [/Devices/ahci/0/Config/] (level 4)
00:00:01.438786   Bootable  <integer> = 0x0000000000000001 (1)
00:00:01.438787   PortCount <integer> = 0x0000000000000001 (1)
00:00:01.438787 
00:00:01.438787 [/Devices/ahci/0/Config/Port0/] (level 5)
00:00:01.438788   Hotpluggable <integer> = 0x0000000000000000 (0)
00:00:01.438789 
00:00:01.438789 [/Devices/ahci/0/LUN#0/] (level 4)
00:00:01.438790   Driver <string>  = "VD" (cb=3)
00:00:01.438790 
00:00:01.438791 [/Devices/ahci/0/LUN#0/Config/] (level 5)
00:00:01.438792   BlockCache <integer> = 0x0000000000000001 (1)
00:00:01.438792   Format     <string>  = "VDI" (cb=4)
00:00:01.438793   Mountable  <integer> = 0x0000000000000000 (0)
00:00:01.438793   Path       <string>  = "/sgoinfre/svan-der/Virtual Machine/Ubuntu/Ubuntu/Ubuntu.vdi" (cb=60)
00:00:01.438794   Type       <string>  = "HardDisk" (cb=9)
00:00:01.438794   UseNewIo   <integer> = 0x0000000000000001 (1)
00:00:01.438795 
00:00:01.438795 [/Devices/ahci/0/LUN#999/] (level 4)
00:00:01.438796   Driver <string>  = "MainStatus" (cb=11)
00:00:01.438797 
00:00:01.438797 [/Devices/ahci/0/LUN#999/Config/] (level 5)
00:00:01.438798   DeviceInstance        <string>  = "ahci/0" (cb=7)
00:00:01.438798   First                 <integer> = 0x0000000000000000 (0)
00:00:01.438799   Last                  <integer> = 0x0000000000000000 (0)
00:00:01.438800   pConsole              <integer> = 0x00007fb28684d000 (140 404 737 757 184)
00:00:01.438801   papLeds               <integer> = 0x00007fb28684d3a0 (140 404 737 758 112)
00:00:01.438802   pmapMediumAttachments <integer> = 0x00007fb28684d7c0 (140 404 737 759 168)
00:00:01.438803 
00:00:01.438803 [/Devices/apic/] (level 2)
00:00:01.438804 
00:00:01.438804 [/Devices/apic/0/] (level 3)
00:00:01.438805   Trusted <integer> = 0x0000000000000001 (1)
00:00:01.438805 
00:00:01.438805 [/Devices/apic/0/Config/] (level 4)
00:00:01.438806   IOAPIC  <integer> = 0x0000000000000001 (1)
00:00:01.438807   Mode    <integer> = 0x0000000000000003 (3)
00:00:01.438807   NumCPUs <integer> = 0x0000000000000001 (1)
00:00:01.438808 
00:00:01.438808 [/Devices/e1000/] (level 2)
00:00:01.438808 
00:00:01.438809 [/Devices/e1000/0/] (level 3)
00:00:01.438809   PCIBusNo      <integer> = 0x0000000000000000 (0)
00:00:01.438810   PCIDeviceNo   <integer> = 0x0000000000000003 (3)
00:00:01.438810   PCIFunctionNo <integer> = 0x0000000000000000 (0)
00:00:01.438811   Trusted       <integer> = 0x0000000000000001 (1)
00:00:01.438811 
00:00:01.438812 [/Devices/e1000/0/Config/] (level 4)
00:00:01.438812   AdapterType    <integer> = 0x0000000000000000 (0)
00:00:01.438813   CableConnected <integer> = 0x0000000000000001 (1)
00:00:01.438813   LineSpeed      <integer> = 0x0000000000000000 (0)
00:00:01.438814   MAC            <bytes>   = "08 00 27 75 ff c5" (cb=6)
00:00:01.438815 
00:00:01.438816 [/Devices/e1000/0/LUN#0/] (level 4)
00:00:01.438816   Driver <string>  = "NAT" (cb=4)
00:00:01.438817 
00:00:01.438817 [/Devices/e1000/0/LUN#0/Config/] (level 5)
00:00:01.438818   AliasMode       <integer> = 0x0000000000000000 (0)
00:00:01.438819   BootFile        <string>  = "Ubuntu.pxe" (cb=11)
00:00:01.438819   DNSProxy        <integer> = 0x0000000000000000 (0)
00:00:01.438820   Network         <string>  = "10.0.2.0/24" (cb=12)
00:00:01.438820   PassDomain      <integer> = 0x0000000000000001 (1)
00:00:01.438821   TFTPPrefix      <string>  = "/Users/svan-der/Library/VirtualBox/TFTP" (cb=40)
00:00:01.438822   UseHostResolver <integer> = 0x0000000000000000 (0)
00:00:01.438822 
00:00:01.438822 [/Devices/e1000/0/LUN#999/] (level 4)
00:00:01.438823   Driver <string>  = "MainStatus" (cb=11)
00:00:01.438823 
00:00:01.438824 [/Devices/e1000/0/LUN#999/Config/] (level 5)
00:00:01.438824   First   <integer> = 0x0000000000000000 (0)
00:00:01.438825   Last    <integer> = 0x0000000000000000 (0)
00:00:01.438825   papLeds <integer> = 0x00007fb28684d680 (140 404 737 758 848)
00:00:01.438826 
00:00:01.438826 [/Devices/e1000/1/] (level 3)
00:00:01.438827   PCIBusNo      <integer> = 0x0000000000000000 (0)
00:00:01.438828   PCIDeviceNo   <integer> = 0x0000000000000008 (8)
00:00:01.438828   PCIFunctionNo <integer> = 0x0000000000000000 (0)
00:00:01.438829   Trusted       <integer> = 0x0000000000000001 (1)
00:00:01.438829 
00:00:01.438829 [/Devices/e1000/1/Config/] (level 4)
00:00:01.438830   AdapterType    <integer> = 0x0000000000000000 (0)
00:00:01.438831   CableConnected <integer> = 0x0000000000000001 (1)
00:00:01.438831   LineSpeed      <integer> = 0x0000000000000000 (0)
00:00:01.438832   MAC            <bytes>   = "08 00 27 fa 3a 49" (cb=6)
00:00:01.438833 
00:00:01.438833 [/Devices/e1000/1/LUN#0/] (level 4)
00:00:01.438834   Driver <string>  = "IntNet" (cb=7)
00:00:01.438834 
00:00:01.438834 [/Devices/e1000/1/LUN#0/Config/] (level 5)
00:00:01.438835   IfPolicyPromisc <string>  = "deny" (cb=5)
00:00:01.438836   Network         <string>  = "HostInterfaceNetworking-vboxnet0" (cb=33)
00:00:01.438836   Trunk           <string>  = "vboxnet0" (cb=9)
00:00:01.438837   TrunkType       <integer> = 0x0000000000000004 (4)
00:00:01.438837 
00:00:01.438838 [/Devices/e1000/1/LUN#999/] (level 4)
00:00:01.438839   Driver <string>  = "MainStatus" (cb=11)
00:00:01.438839 
00:00:01.438839 [/Devices/e1000/1/LUN#999/Config/] (level 5)
00:00:01.438840   First   <integer> = 0x0000000000000000 (0)
00:00:01.438841   Last    <integer> = 0x0000000000000000 (0)
00:00:01.438841   papLeds <integer> = 0x00007fb28684d688 (140 404 737 758 856)
00:00:01.438842 
00:00:01.438842 [/Devices/i8254/] (level 2)
00:00:01.438843 
00:00:01.438843 [/Devices/i8254/0/] (level 3)
00:00:01.438844 
00:00:01.438844 [/Devices/i8254/0/Config/] (level 4)
00:00:01.438845 
00:00:01.438845 [/Devices/i8259/] (level 2)
00:00:01.438845 
00:00:01.438846 [/Devices/i8259/0/] (level 3)
00:00:01.438846   Trusted <integer> = 0x0000000000000001 (1)
00:00:01.438847 
00:00:01.438847 [/Devices/i8259/0/Config/] (level 4)
00:00:01.438848 
00:00:01.438848 [/Devices/ichac97/] (level 2)
00:00:01.438848 
00:00:01.438849 [/Devices/ichac97/0/] (level 3)
00:00:01.438850   PCIBusNo      <integer> = 0x0000000000000000 (0)
00:00:01.438850   PCIDeviceNo   <integer> = 0x0000000000000005 (5)
00:00:01.438851   PCIFunctionNo <integer> = 0x0000000000000000 (0)
00:00:01.438851   Trusted       <integer> = 0x0000000000000001 (1)
00:00:01.438852 
00:00:01.438852 [/Devices/ichac97/0/AudioConfig/] (level 4)
00:00:01.438853 
00:00:01.438853 [/Devices/ichac97/0/Config/] (level 4)
00:00:01.438854   Codec        <string>  = "AD1980" (cb=7)
00:00:01.438854   DebugEnabled <integer> = 0x0000000000000000 (0)
00:00:01.438855   DebugPathOut <string>  = "" (cb=1)
00:00:01.438855 
00:00:01.438855 [/Devices/ichac97/0/LUN#0/] (level 4)
00:00:01.438856   Driver <string>  = "AUDIO" (cb=6)
00:00:01.438857 
00:00:01.438857 [/Devices/ichac97/0/LUN#0/AttachedDriver/] (level 5)
00:00:01.438858   Driver <string>  = "CoreAudio" (cb=10)
00:00:01.438859 
00:00:01.438859 [/Devices/ichac97/0/LUN#0/AttachedDriver/Config/] (level 6)
00:00:01.438860   StreamName <string>  = "Ubuntu" (cb=7)
00:00:01.438860 
00:00:01.438860 [/Devices/ichac97/0/LUN#0/Config/] (level 5)
00:00:01.438862   BufferSizeMs    <integer> = 0x0000000000000000 (0)
00:00:01.438862   DriverName      <string>  = "CoreAudio" (cb=10)
00:00:01.438863   InputEnabled    <integer> = 0x0000000000000001 (1)
00:00:01.438863   OutputEnabled   <integer> = 0x0000000000000001 (1)
00:00:01.438864   PeriodSizeMs    <integer> = 0x0000000000000000 (0)
00:00:01.438864   PreBufferSizeMs <integer> = 0x00000000ffffffff (4 294 967 295)
00:00:01.438865 
00:00:01.438866 [/Devices/ichac97/0/LUN#1/] (level 4)
00:00:01.438866   Driver <string>  = "AUDIO" (cb=6)
00:00:01.438867 
00:00:01.438867 [/Devices/ichac97/0/LUN#2/] (level 4)
00:00:01.438868   Driver <string>  = "AUDIO" (cb=6)
00:00:01.438868 
00:00:01.438868 [/Devices/ioapic/] (level 2)
00:00:01.438869 
00:00:01.438869 [/Devices/ioapic/0/] (level 3)
00:00:01.438870   Trusted <integer> = 0x0000000000000001 (1)
00:00:01.438870 
00:00:01.438871 [/Devices/ioapic/0/Config/] (level 4)
00:00:01.438871   NumCPUs <integer> = 0x0000000000000001 (1)
00:00:01.438872 
00:00:01.438872 [/Devices/mc146818/] (level 2)
00:00:01.438873 
00:00:01.438873 [/Devices/mc146818/0/] (level 3)
00:00:01.438873 
00:00:01.438874 [/Devices/mc146818/0/Config/] (level 4)
00:00:01.438874   UseUTC <integer> = 0x0000000000000001 (1)
00:00:01.438875 
00:00:01.438875 [/Devices/parallel/] (level 2)
00:00:01.438876 
00:00:01.438876 [/Devices/pcarch/] (level 2)
00:00:01.438877 
00:00:01.438877 [/Devices/pcarch/0/] (level 3)
00:00:01.438877   Trusted <integer> = 0x0000000000000001 (1)
00:00:01.438878 
00:00:01.438878 [/Devices/pcarch/0/Config/] (level 4)
00:00:01.438879 
00:00:01.438879 [/Devices/pcbios/] (level 2)
00:00:01.438880 
00:00:01.438880 [/Devices/pcbios/0/] (level 3)
00:00:01.438880   Trusted <integer> = 0x0000000000000001 (1)
00:00:01.438881 
00:00:01.438881 [/Devices/pcbios/0/Config/] (level 4)
00:00:01.438882   APIC               <integer> = 0x0000000000000001 (1)
00:00:01.438883   BootDevice0        <string>  = "FLOPPY" (cb=7)
00:00:01.438884   BootDevice1        <string>  = "DVD" (cb=4)
00:00:01.438884   BootDevice2        <string>  = "IDE" (cb=4)
00:00:01.438885   BootDevice3        <string>  = "NONE" (cb=5)
00:00:01.438885   FloppyDevice       <string>  = "i82078" (cb=7)
00:00:01.438886   HardDiskDevice     <string>  = "piix3ide" (cb=9)
00:00:01.438886   IOAPIC             <integer> = 0x0000000000000001 (1)
00:00:01.438887   McfgBase           <integer> = 0x0000000000000000 (0)
00:00:01.438887   McfgLength         <integer> = 0x0000000000000000 (0)
00:00:01.438888   NumCPUs            <integer> = 0x0000000000000001 (1)
00:00:01.438889   PXEDebug           <integer> = 0x0000000000000000 (0)
00:00:01.438889   SataHardDiskDevice <string>  = "ahci" (cb=5)
00:00:01.438890   SataLUN1           <integer> = 0x0000000000000000 (0)
00:00:01.438890   UUID               <bytes>   = "88 8f 89 9b eb 3e 3e 4d a3 52 ab 4f 44 7e 69 7f" (cb=16)
00:00:01.438892 
00:00:01.438892 [/Devices/pcbios/0/Config/NetBoot/] (level 5)
00:00:01.438893 
00:00:01.438893 [/Devices/pcbios/0/Config/NetBoot/0/] (level 6)
00:00:01.438894   NIC           <integer> = 0x0000000000000000 (0)
00:00:01.438895   PCIBusNo      <integer> = 0x0000000000000000 (0)
00:00:01.438895   PCIDeviceNo   <integer> = 0x0000000000000003 (3)
00:00:01.438896   PCIFunctionNo <integer> = 0x0000000000000000 (0)
00:00:01.438896 
00:00:01.438897 [/Devices/pci/] (level 2)
00:00:01.438897 
00:00:01.438897 [/Devices/pci/0/] (level 3)
00:00:01.438898   Trusted <integer> = 0x0000000000000001 (1)
00:00:01.438899 
00:00:01.438899 [/Devices/pci/0/Config/] (level 4)
00:00:01.438900   IOAPIC <integer> = 0x0000000000000001 (1)
00:00:01.438900 
00:00:01.438900 [/Devices/pcibridge/] (level 2)
00:00:01.438901 
00:00:01.438901 [/Devices/pckbd/] (level 2)
00:00:01.438902 
00:00:01.438902 [/Devices/pckbd/0/] (level 3)
00:00:01.438903   Trusted <integer> = 0x0000000000000001 (1)
00:00:01.438903 
00:00:01.438903 [/Devices/pckbd/0/Config/] (level 4)
00:00:01.438904 
00:00:01.438904 [/Devices/pckbd/0/LUN#0/] (level 4)
00:00:01.438905   Driver <string>  = "KeyboardQueue" (cb=14)
00:00:01.438905 
00:00:01.438906 [/Devices/pckbd/0/LUN#0/AttachedDriver/] (level 5)
00:00:01.438906   Driver <string>  = "MainKeyboard" (cb=13)
00:00:01.438907 
00:00:01.438907 [/Devices/pckbd/0/LUN#0/AttachedDriver/Config/] (level 6)
00:00:01.438908   Object <integer> = 0x00007fb285cd2e70 (140 404 725 722 736)
00:00:01.438909 
00:00:01.438909 [/Devices/pckbd/0/LUN#0/Config/] (level 5)
00:00:01.438910   QueueSize <integer> = 0x0000000000000040 (64)
00:00:01.438911 
00:00:01.438911 [/Devices/pckbd/0/LUN#1/] (level 4)
00:00:01.438912   Driver <string>  = "MouseQueue" (cb=11)
00:00:01.438912 
00:00:01.438912 [/Devices/pckbd/0/LUN#1/AttachedDriver/] (level 5)
00:00:01.438913   Driver <string>  = "MainMouse" (cb=10)
00:00:01.438914 
00:00:01.438914 [/Devices/pckbd/0/LUN#1/AttachedDriver/Config/] (level 6)
00:00:01.438915   Object <integer> = 0x00007fb285cd3490 (140 404 725 724 304)
00:00:01.438916 
00:00:01.438916 [/Devices/pckbd/0/LUN#1/Config/] (level 5)
00:00:01.438917   QueueSize <integer> = 0x0000000000000080 (128)
00:00:01.438917 
00:00:01.438917 [/Devices/pcnet/] (level 2)
00:00:01.438918 
00:00:01.438918 [/Devices/piix3ide/] (level 2)
00:00:01.438919 
00:00:01.438919 [/Devices/piix3ide/0/] (level 3)
00:00:01.438920   PCIBusNo      <integer> = 0x0000000000000000 (0)
00:00:01.438921   PCIDeviceNo   <integer> = 0x0000000000000001 (1)
00:00:01.438921   PCIFunctionNo <integer> = 0x0000000000000001 (1)
00:00:01.438922   Trusted       <integer> = 0x0000000000000001 (1)
00:00:01.438922 
00:00:01.438922 [/Devices/piix3ide/0/Config/] (level 4)
00:00:01.438923   Type <string>  = "PIIX4" (cb=6)
00:00:01.438924 
00:00:01.438924 [/Devices/piix3ide/0/LUN#2/] (level 4)
00:00:01.438925   Driver <string>  = "VD" (cb=3)
00:00:01.438925 
00:00:01.438925 [/Devices/piix3ide/0/LUN#2/Config/] (level 5)
00:00:01.438927   Format    <string>  = "RAW" (cb=4)
00:00:01.438927   Mountable <integer> = 0x0000000000000001 (1)
00:00:01.438928   Path      <string>  = "/sgoinfre/svan-der/Virtual Machine/VBoxGuestAdditions.iso" (cb=58)
00:00:01.438928   ReadOnly  <integer> = 0x0000000000000001 (1)
00:00:01.438929   Type      <string>  = "DVD" (cb=4)
00:00:01.438929 
00:00:01.438929 [/Devices/piix3ide/0/LUN#999/] (level 4)
00:00:01.438930   Driver <string>  = "MainStatus" (cb=11)
00:00:01.438931 
00:00:01.438931 [/Devices/piix3ide/0/LUN#999/Config/] (level 5)
00:00:01.438932   DeviceInstance        <string>  = "piix3ide/0" (cb=11)
00:00:01.438933   First                 <integer> = 0x0000000000000000 (0)
00:00:01.438933   Last                  <integer> = 0x0000000000000003 (3)
00:00:01.438934   pConsole              <integer> = 0x00007fb28684d000 (140 404 737 757 184)
00:00:01.438935   papLeds               <integer> = 0x00007fb28684d380 (140 404 737 758 080)
00:00:01.438936   pmapMediumAttachments <integer> = 0x00007fb28684d7c0 (140 404 737 759 168)
00:00:01.438937 
00:00:01.438937 [/Devices/serial/] (level 2)
00:00:01.438938 
00:00:01.438938 [/Devices/usb-ohci/] (level 2)
00:00:01.438939 
00:00:01.438939 [/Devices/usb-ohci/0/] (level 3)
00:00:01.438940   PCIBusNo      <integer> = 0x0000000000000000 (0)
00:00:01.438940   PCIDeviceNo   <integer> = 0x0000000000000006 (6)
00:00:01.438941   PCIFunctionNo <integer> = 0x0000000000000000 (0)
00:00:01.438941   Trusted       <integer> = 0x0000000000000001 (1)
00:00:01.438942 
00:00:01.438942 [/Devices/usb-ohci/0/Config/] (level 4)
00:00:01.438943 
00:00:01.438943 [/Devices/usb-ohci/0/LUN#0/] (level 4)
00:00:01.438944   Driver <string>  = "VUSBRootHub" (cb=12)
00:00:01.438944 
00:00:01.438944 [/Devices/usb-ohci/0/LUN#0/Config/] (level 5)
00:00:01.438945 
00:00:01.438945 [/Devices/usb-ohci/0/LUN#999/] (level 4)
00:00:01.438946   Driver <string>  = "MainStatus" (cb=11)
00:00:01.438946 
00:00:01.438947 [/Devices/usb-ohci/0/LUN#999/Config/] (level 5)
00:00:01.438947   First   <integer> = 0x0000000000000000 (0)
00:00:01.438948   Last    <integer> = 0x0000000000000000 (0)
00:00:01.438948   papLeds <integer> = 0x00007fb28684d7a8 (140 404 737 759 144)
00:00:01.438949 
00:00:01.438950 [/Devices/vga/] (level 2)
00:00:01.438950 
00:00:01.438950 [/Devices/vga/0/] (level 3)
00:00:01.438951   PCIBusNo      <integer> = 0x0000000000000000 (0)
00:00:01.438952   PCIDeviceNo   <integer> = 0x0000000000000002 (2)
00:00:01.438952   PCIFunctionNo <integer> = 0x0000000000000000 (0)
00:00:01.438953   Trusted       <integer> = 0x0000000000000001 (1)
00:00:01.438953 
00:00:01.438953 [/Devices/vga/0/Config/] (level 4)
00:00:01.438955   3DEnabled        <integer> = 0x0000000000000000 (0)
00:00:01.438955   CustomVideoModes <integer> = 0x0000000000000000 (0)
00:00:01.438956   FadeIn           <integer> = 0x0000000000000001 (1)
00:00:01.438956   FadeOut          <integer> = 0x0000000000000001 (1)
00:00:01.438957   HeightReduction  <integer> = 0x0000000000000000 (0)
00:00:01.438957   LogoFile         <string>  = "" (cb=1)
00:00:01.438958   LogoTime         <integer> = 0x0000000000000000 (0)
00:00:01.438958   MonitorCount     <integer> = 0x0000000000000001 (1)
00:00:01.438959   ShowBootMenu     <integer> = 0x0000000000000002 (2)
00:00:01.438959   VMSVGA3dEnabled  <integer> = 0x0000000000000000 (0)
00:00:01.438960   VMSVGAEnabled    <integer> = 0x0000000000000001 (1)
00:00:01.438960   VMSVGAPciId      <integer> = 0x0000000000000001 (1)
00:00:01.438961   VRamSize         <integer> = 0x0000000001000000 (16 777 216, 16 MB)
00:00:01.438962 
00:00:01.438962 [/Devices/vga/0/LUN#0/] (level 4)
00:00:01.438963   Driver <string>  = "MainDisplay" (cb=12)
00:00:01.438963 
00:00:01.438964 [/Devices/vga/0/LUN#0/Config/] (level 5)
00:00:01.438964   Object <integer> = 0x00007fb2860dd800 (140 404 729 960 448)
00:00:01.438965 
00:00:01.438966 [/Devices/vga/0/LUN#999/] (level 4)
00:00:01.438966   Driver <string>  = "MainStatus" (cb=11)
00:00:01.438967 
00:00:01.438967 [/Devices/vga/0/LUN#999/Config/] (level 5)
00:00:01.438968   First   <integer> = 0x0000000000000000 (0)
00:00:01.438968   Last    <integer> = 0x0000000000000000 (0)
00:00:01.438969   papLeds <integer> = 0x00007fb28684d7b8 (140 404 737 759 160)
00:00:01.438970 
00:00:01.438970 [/Devices/virtio-net/] (level 2)
00:00:01.438971 
00:00:01.438971 [/EM/] (level 1)
00:00:01.438972   TripleFaultReset <integer> = 0x0000000000000000 (0)
00:00:01.438972 
00:00:01.438972 [/GIM/] (level 1)
00:00:01.438973   Provider <string>  = "KVM" (cb=4)
00:00:01.438973 
00:00:01.438974 [/HM/] (level 1)
00:00:01.438975   64bitEnabled            <integer> = 0x0000000000000001 (1)
00:00:01.438976   EnableLargePages        <integer> = 0x0000000000000001 (1)
00:00:01.438976   EnableNestedPaging      <integer> = 0x0000000000000001 (1)
00:00:01.438977   EnableUX                <integer> = 0x0000000000000001 (1)
00:00:01.438977   EnableVPID              <integer> = 0x0000000000000001 (1)
00:00:01.438978   Exclusive               <integer> = 0x0000000000000000 (0)
00:00:01.438979   HMForced                <integer> = 0x0000000000000001 (1)
00:00:01.438979   IBPBOnVMEntry           <integer> = 0x0000000000000000 (0)
00:00:01.438980   IBPBOnVMExit            <integer> = 0x0000000000000000 (0)
00:00:01.438980   L1DFlushOnSched         <integer> = 0x0000000000000001 (1)
00:00:01.438981   L1DFlushOnVMEntry       <integer> = 0x0000000000000000 (0)
00:00:01.438981   LovelyMesaDrvWorkaround <integer> = 0x0000000000000001 (1)
00:00:01.438982   SpecCtrlByHost          <integer> = 0x0000000000000000 (0)
00:00:01.438983   UseNEMInstead           <integer> = 0x0000000000000000 (0)
00:00:01.438983 
00:00:01.438983 [/MM/] (level 1)
00:00:01.438984   CanUseLargerHeap <integer> = 0x0000000000000000 (0)
00:00:01.438984 
00:00:01.438984 [/NEM/] (level 1)
00:00:01.438985   Allow64BitGuests <integer> = 0x0000000000000001 (1)
00:00:01.438986 
00:00:01.438986 [/PDM/] (level 1)
00:00:01.438986 
00:00:01.438986 [/PDM/AsyncCompletion/] (level 2)
00:00:01.438987 
00:00:01.438987 [/PDM/AsyncCompletion/File/] (level 3)
00:00:01.438988 
00:00:01.438988 [/PDM/AsyncCompletion/File/BwGroups/] (level 4)
00:00:01.438989 
00:00:01.438989 [/PDM/BlkCache/] (level 2)
00:00:01.438990   CacheSize <integer> = 0x0000000000500000 (5 242 880, 5 MB)
00:00:01.438991 
00:00:01.438991 [/PDM/Devices/] (level 2)
00:00:01.438992 
00:00:01.438992 [/PDM/Drivers/] (level 2)
00:00:01.438992 
00:00:01.438993 [/PDM/Drivers/VBoxC/] (level 3)
00:00:01.438993   Path <string>  = "/Applications/VirtualBox.app/Contents/MacOS/components/VBoxC" (cb=61)
00:00:01.438994 
00:00:01.438994 [/PDM/NetworkShaper/] (level 2)
00:00:01.438995 
00:00:01.438995 [/PDM/NetworkShaper/BwGroups/] (level 3)
00:00:01.438996 
00:00:01.438996 [/TM/] (level 1)
00:00:01.438996   UTCOffset <integer> = 0x0000000000000000 (0)
00:00:01.438997 
00:00:01.438997 [/USB/] (level 1)
00:00:01.438998 
00:00:01.438998 [/USB/HidMouse/] (level 2)
00:00:01.438998 
00:00:01.438999 [/USB/HidMouse/0/] (level 3)
00:00:01.438999 
00:00:01.438999 [/USB/HidMouse/0/Config/] (level 4)
00:00:01.439000   Mode <string>  = "absolute" (cb=9)
00:00:01.439001 
00:00:01.439001 [/USB/HidMouse/0/LUN#0/] (level 4)
00:00:01.439002   Driver <string>  = "MouseQueue" (cb=11)
00:00:01.439002 
00:00:01.439002 [/USB/HidMouse/0/LUN#0/AttachedDriver/] (level 5)
00:00:01.439003   Driver <string>  = "MainMouse" (cb=10)
00:00:01.439003 
00:00:01.439004 [/USB/HidMouse/0/LUN#0/AttachedDriver/Config/] (level 6)
00:00:01.439004   Object <integer> = 0x00007fb285cd3490 (140 404 725 724 304)
00:00:01.439005 
00:00:01.439006 [/USB/HidMouse/0/LUN#0/Config/] (level 5)
00:00:01.439006   QueueSize <integer> = 0x0000000000000080 (128)
00:00:01.439007 
00:00:01.439007 [/USB/USBProxy/] (level 2)
00:00:01.439008 
00:00:01.439008 [/USB/USBProxy/GlobalConfig/] (level 3)
00:00:01.439009 
00:00:01.439009 ********************* End of CFGM dump **********************
00:00:01.439020 VM: fHMEnabled=true  (configured) fRecompileUser=true  fRecompileSupervisor=true 
00:00:01.439030 VM: fRawRing1Enabled=false CSAM=false PATM=false
00:00:01.439696 HM: HMR3Init: VT-x w/ nested paging and unrestricted guest execution hw support
00:00:01.439773 MM: cbHyperHeap=0x100000 (1048576)
00:00:01.441478 CPUM: fXStateHostMask=0x7; initial: 0x7; host XCR0=0x7
00:00:01.442627 CPUM: Matched host CPU INTEL 0x6/0x9e/0x9 Intel_Core7_KabyLake with CPU DB entry 'Intel Core i7-6700K' (INTEL 0x6/0x5e/0x3 Intel_Core7_Skylake)
00:00:01.442776 CPUM: MXCSR_MASK=0xffff (host: 0xffff)
00:00:01.442824 CPUM: Microcode revision 0x00000084
00:00:01.442864 CPUM: Changing leaf 13[0]: EBX=0x340 -> 0x340, ECX=0x440 -> 0x340
00:00:01.444555 PGM: HCPhysInterPD=000000002be9a000 HCPhysInterPaePDPT=000000002be9d000 HCPhysInterPaePML4=000000002be9f000
00:00:01.444586 PGM: apInterPTs={000000002be9b000,000000002be9c000} apInterPaePTs={000000018430b000,000000010a28c000} apInterPaePDs={0000000197f0d000,000000006158e000,000000011ce8f000,0000000007110000} pInterPaePDPT64=000000002be9e000
00:00:01.444612 PGM: Host paging mode: AMD64+PGE+NX
00:00:01.444642 PGM: PGMPool: cMaxPages=2864 (u64MaxPages=2854)
00:00:01.444663 PGM: pgmR3PoolInit: cMaxPages=0xb30 cMaxUsers=0x1660 cMaxPhysExts=0x1660 fCacheEnable=true 
00:00:01.466639 TM: GIP - u32Mode=3 (Invariant) u32UpdateHz=100 u32UpdateIntervalNS=10000000 enmUseTscDelta=2 (Practically Zero) fGetGipCpu=0x5 cCpus=4
00:00:01.466741 TM: GIP - u64CpuHz=3 407 999 981 (0xcb21f3ed)  SUPGetCpuHzFromGip => 3 407 999 981
00:00:01.466770 TM: GIP - CPU: iCpuSet=0x0 idCpu=0x0 idApic=0x0 iGipCpu=0x1 i64TSCDelta=0 enmState=3 u64CpuHz=3407999957(*) cErrors=0
00:00:01.466795 TM: GIP - CPU: iCpuSet=0x1 idCpu=0x1 idApic=0x2 iGipCpu=0x2 i64TSCDelta=0 enmState=3 u64CpuHz=3407999901(*) cErrors=0
00:00:01.466820 TM: GIP - CPU: iCpuSet=0x2 idCpu=0x2 idApic=0x4 iGipCpu=0x3 i64TSCDelta=0 enmState=3 u64CpuHz=3407999976(*) cErrors=0
00:00:01.466846 TM: GIP - CPU: iCpuSet=0x3 idCpu=0x3 idApic=0x6 iGipCpu=0x0 i64TSCDelta=0 enmState=3 u64CpuHz=3407999981(*) cErrors=0
00:00:01.466928 TM: cTSCTicksPerSecond=3 407 999 981 (0xcb21f3ed) enmTSCMode=3 (Dynamic)
00:00:01.466929 TM: TSCTiedToExecution=false TSCNotTiedToHalt=false
00:00:01.467738 EMR3Init: fRecompileUser=false fRecompileSupervisor=false fRawRing1Enabled=false fIemExecutesAll=false fGuruOnTripleFault=true 
00:00:01.467971 IEM: TargetCpu=CURRENT, Microarch=Intel_Core7_KabyLake
00:00:01.468504 GIM: Using provider 'KVM' (Implementation version: 0)
00:00:01.468611 CPUM: SetGuestCpuIdFeature: Enabled Hypervisor Present bit
00:00:01.468720 AIOMgr: Default manager type is 'Async'
00:00:01.468750 AIOMgr: Default file backend is 'NonBuffered'
00:00:01.468857 BlkCache: Cache successfully initialized. Cache size is 5242880 bytes
00:00:01.468888 BlkCache: Cache commit interval is 10000 ms
00:00:01.468927 BlkCache: Cache commit threshold is 2621440 bytes
00:00:01.494592 PcBios: [SMP] BIOS with 1 CPUs
00:00:01.495119 PcBios: Using the 386+ BIOS image.
00:00:01.496817 PcBios: MPS table at 000e1300
00:00:01.497982 PcBios: fCheckShutdownStatusForSoftReset=true   fClearShutdownStatusOnHardReset=true 
00:00:01.501932 SUP: Loaded VBoxDDR0.r0 (/Applications/VirtualBox.app/Contents/MacOS/VBoxDDR0.r0) at 0xXXXXXXXXXXXXXXXX - ModuleInit at XXXXXXXXXXXXXXXX and ModuleTerm at XXXXXXXXXXXXXXXX using the native ring-0 loader
00:00:01.503928 CPUM: SetGuestCpuIdFeature: Enabled xAPIC
00:00:01.503964 CPUM: SetGuestCpuIdFeature: Enabled x2APIC
00:00:01.504769 IOAPIC: Using implementation 2.0! Chipset type ICH9
00:00:01.504889 PIT: mode=3 count=0x10000 (65536) - 18.20 Hz (ch=0)
00:00:01.518034 Shared Folders service loaded
00:00:01.528204 Guest Control service loaded
00:00:01.549138 VGA: Using the 386+ BIOS image.
00:00:01.564294 DrvVD: Flushes will be ignored
00:00:01.564347 DrvVD: Async flushes will be passed to the disk
00:00:01.566415 VD: VDInit finished with VINF_SUCCESS
00:00:01.568321 AIOMgr: Endpoint for file '/sgoinfre/svan-der/Virtual Machine/Ubuntu/Ubuntu/Ubuntu.vdi' (flags 000c0723) created successfully
00:00:01.568880 VD: Opening the disk took 2549901 ns
00:00:01.568994 AHCI: LUN#0: disk, PCHS=16383/16/63, total number of sectors 16777216
00:00:01.569164 AHCI#0: Reset the HBA
00:00:01.569194 VD#0: Cancelling all active requests
00:00:01.569886 PIIX3 ATA: LUN#0: no unit
00:00:01.569944 PIIX3 ATA: LUN#1: no unit
00:00:01.570004 DrvVD: Flushes will be ignored
00:00:01.570048 DrvVD: Async flushes will be passed to the disk
00:00:01.570478 VD: Opening the disk took 390341 ns
00:00:01.570575 PIIX3 ATA: LUN#2: CD/DVD, total number of sectors 41952, passthrough disabled
00:00:01.570575 PIIX3 ATA: LUN#3: no unit
00:00:01.570838 PIIX3 ATA: Ctl#1: finished processing RESET
00:00:01.570914 PIIX3 ATA: Ctl#0: finished processing RESET
00:00:01.571037 E1000#0: Chip=82540EM LinkUpDelay=3000ms EthernetCRC=on GSO=enabled Itr=disabled ItrRx=enabled TID=disabled R0=enabled GC=enabled
00:00:01.578257 NAT: Guest address guess set to 10.0.2.15 by initialization
00:00:01.578504 NAT: resolv.conf: nameserver 10.51.1.5
00:00:01.578559 NAT: Adding domain name codam.nl
00:00:01.578586 NAT: DNS#0: 10.51.1.5
00:00:01.579760 E1000#1: Chip=82540EM LinkUpDelay=3000ms EthernetCRC=on GSO=enabled Itr=disabled ItrRx=enabled TID=disabled R0=enabled GC=enabled
00:00:01.579887 IntNet#0: szNetwork={HostInterfaceNetworking-vboxnet0} enmTrunkType=4 szTrunk={vboxnet0} fFlags=0x8000 cbRecv=325632 cbSend=196608 fIgnoreConnectFailure=false
00:00:01.581086 AC97: Using codec 'AD1980'
00:00:01.581205 Audio: Initializing Core Audio driver
00:00:01.594923 Audio: Found 2 devices for driver 'CoreAudio'
00:00:01.594993 Audio: Device 'Built-in Microphone':
00:00:01.595022 Audio: 	Usage           = Input
00:00:01.595048 Audio: 	Flags           = DEFAULT
00:00:01.595073 Audio: 	Input channels  = 2
00:00:01.595098 Audio: 	Output channels = 0
00:00:01.595124 Audio: Device 'Built-in Output':
00:00:01.595148 Audio: 	Usage           = Output
00:00:01.595173 Audio: 	Flags           = DEFAULT
00:00:01.595197 Audio: 	Input channels  = 0
00:00:01.595222 Audio: 	Output channels = 2
00:00:01.595701 AC97: Reset
00:00:01.596641 VUSB: Attached 'HidMouse' to port 1 on RootHub#0 (FullSpeed)
00:00:01.596808 PGM: The CPU physical address width is 39 bits
00:00:01.596839 PGM: PGMR3InitFinalize: 4 MB PSE mask 0000007fffffffff
00:00:01.596877 TM: TMR3InitFinalize: fTSCModeSwitchAllowed=true 
00:00:01.597173 VMM: Thread-context hooks unavailable
00:00:01.597213 VMM: RTThreadPreemptIsPending() can be trusted
00:00:01.597238 VMM: Kernel preemption is possible
00:00:01.597391 HM: fWorldSwitcher=0x0 (fIbpbOnVmExit=false fIbpbOnVmEntry=false fL1dFlushOnVmEntry=false); fL1dFlushOnSched=false
00:00:01.597438 HM: Using VT-x implementation 2.0
00:00:01.597439 HM: Max resume loops                  = 8192
00:00:01.597439 HM: Host CR4                          = 0x3627e0
00:00:01.597440 HM: Host EFER                         = 0xd01
00:00:01.597440 HM: MSR_IA32_SMM_MONITOR_CTL          = 0x0
00:00:01.597441 HM: MSR_IA32_FEATURE_CONTROL          = 0x5
00:00:01.597441 HM:   LOCK
00:00:01.597448 HM:   VMXON
00:00:01.597449 HM: MSR_IA32_VMX_BASIC                = 0xda040000000004
00:00:01.597449 HM:   VMCS id                           = 0x4
00:00:01.597450 HM:   VMCS size                         = 1024 bytes
00:00:01.597450 HM:   VMCS physical address limit       = None
00:00:01.597450 HM:   VMCS memory type                  = Write Back (WB)
00:00:01.597451 HM:   Dual-monitor treatment support    = true 
00:00:01.597451 HM:   OUTS & INS instruction-info       = true 
00:00:01.597451 HM:   Supports true capability MSRs     = true 
00:00:01.597452 HM: MSR_IA32_VMX_PINBASED_CTLS        = 0x7f00000016
00:00:01.597452 HM:   EXT_INT_EXIT
00:00:01.597453 HM:   NMI_EXIT
00:00:01.597453 HM:   VIRTUAL_NMI
00:00:01.597453 HM:   PREEMPT_TIMER
00:00:01.597453 HM:   POSTED_INT (must be cleared)
00:00:01.597454 HM: MSR_IA32_VMX_PROCBASED_CTLS       = 0xfff9fffe0401e172
00:00:01.597454 HM:   INT_WINDOW_EXIT
00:00:01.597454 HM:   USE_TSC_OFFSETTING
00:00:01.597455 HM:   HLT_EXIT
00:00:01.597455 HM:   INVLPG_EXIT
00:00:01.597455 HM:   MWAIT_EXIT
00:00:01.597455 HM:   RDPMC_EXIT
00:00:01.597455 HM:   RDTSC_EXIT
00:00:01.597456 HM:   CR3_LOAD_EXIT (must be set)
00:00:01.597456 HM:   CR3_STORE_EXIT (must be set)
00:00:01.597456 HM:   CR8_LOAD_EXIT
00:00:01.597456 HM:   CR8_STORE_EXIT
00:00:01.597457 HM:   USE_TPR_SHADOW
00:00:01.597457 HM:   NMI_WINDOW_EXIT
00:00:01.597457 HM:   MOV_DR_EXIT
00:00:01.597457 HM:   UNCOND_IO_EXIT
00:00:01.597457 HM:   USE_IO_BITMAPS
00:00:01.597458 HM:   MONITOR_TRAP_FLAG
00:00:01.597458 HM:   USE_MSR_BITMAPS
00:00:01.597458 HM:   MONITOR_EXIT
00:00:01.597458 HM:   PAUSE_EXIT
00:00:01.597458 HM:   USE_SECONDARY_CTLS
00:00:01.597460 HM: MSR_IA32_VMX_PROCBASED_CTLS2      = 0x5ffcff00000000
00:00:01.597461 HM:   VIRT_APIC_ACCESS
00:00:01.597461 HM:   EPT
00:00:01.597461 HM:   DESC_TABLE_EXIT
00:00:01.597468 HM:   RDTSCP
00:00:01.597468 HM:   VIRT_X2APIC_MODE
00:00:01.597468 HM:   VPID
00:00:01.597468 HM:   WBINVD_EXIT
00:00:01.597469 HM:   UNRESTRICTED_GUEST
00:00:01.597469 HM:   APIC_REG_VIRT (must be cleared)
00:00:01.597469 HM:   VIRT_INT_DELIVERY (must be cleared)
00:00:01.597469 HM:   PAUSE_LOOP_EXIT
00:00:01.597469 HM:   RDRAND_EXIT
00:00:01.597470 HM:   INVPCID
00:00:01.597470 HM:   VMFUNC
00:00:01.597470 HM:   VMCS_SHADOWING
00:00:01.597470 HM:   ENCLS_EXIT
00:00:01.597470 HM:   RDSEED_EXIT
00:00:01.597471 HM:   PML
00:00:01.597471 HM:   EPT_VE
00:00:01.597471 HM:   CONCEAL_FROM_PT
00:00:01.597471 HM:   XSAVES_XRSTORS
00:00:01.597472 HM:   TSC_SCALING (must be cleared)
00:00:01.597472 HM: MSR_IA32_VMX_ENTRY_CTLS           = 0x3ffff000011ff
00:00:01.597473 HM:   LOAD_DEBUG (must be set)
00:00:01.597473 HM:   IA32E_MODE_GUEST
00:00:01.597473 HM:   ENTRY_TO_SMM
00:00:01.597473 HM:   DEACTIVATE_DUAL_MON
00:00:01.597473 HM:   LOAD_PERF_MSR
00:00:01.597474 HM:   LOAD_PAT_MSR
00:00:01.597474 HM:   LOAD_EFER_MSR
00:00:01.597474 HM: MSR_IA32_VMX_EXIT_CTLS            = 0x1ffffff00036dff
00:00:01.597475 HM:   SAVE_DEBUG (must be set)
00:00:01.597475 HM:   HOST_ADDR_SPACE_SIZE
00:00:01.597475 HM:   LOAD_PERF_MSR
00:00:01.597476 HM:   ACK_EXT_INT
00:00:01.597476 HM:   SAVE_PAT_MSR
00:00:01.597476 HM:   LOAD_PAT_MSR
00:00:01.597476 HM:   SAVE_EFER_MSR
00:00:01.597476 HM:   LOAD_EFER_MSR
00:00:01.597477 HM:   SAVE_PREEMPT_TIMER
00:00:01.597477 HM: MSR_IA32_VMX_TRUE_PINBASED_CTLS   = 0x7f00000016
00:00:01.597477 HM: MSR_IA32_VMX_TRUE_PROCBASED_CTLS  = 0xfff9fffe04006172
00:00:01.597478 HM: MSR_IA32_VMX_TRUE_ENTRY_CTLS      = 0x3ffff000011fb
00:00:01.597479 HM: MSR_IA32_VMX_TRUE_EXIT_CTLS       = 0x1ffffff00036dfb
00:00:01.597479 HM: MSR_IA32_VMX_MISC                 = 0x7004c1e7
00:00:01.597480 HM:   PREEMPT_TIMER_TSC                 = 0x7
00:00:01.597480 HM:   EXIT_SAVE_EFER_LMA                = true 
00:00:01.597480 HM:   ACTIVITY_STATES                   = 0x7 ( HLT SHUTDOWN SIPI_WAIT )
00:00:01.597481 HM:   INTEL_PT                          = true 
00:00:01.597481 HM:   SMM_READ_SMBASE_MSR               = true 
00:00:01.597481 HM:   CR3_TARGET                        = 0x4
00:00:01.597482 HM:   MAX_MSR                           = 0x0 ( 512 )
00:00:01.597482 HM:   VMXOFF_BLOCK_SMI                  = true 
00:00:01.597489 HM:   VMWRITE_ALL                       = true 
00:00:01.597489 HM:   ENTRY_INJECT_SOFT_INT             = 0x1
00:00:01.597490 HM:   MSEG_ID                           = 0x0
00:00:01.597490 HM: MSR_IA32_VMX_VMCS_ENUM            = 0x2e
00:00:01.597490 HM:   HIGHEST_IDX                       = 0x17
00:00:01.597491 HM: MSR_IA32_VMX_EPT_VPID_CAP         = 0xf0106734141
00:00:01.597491 HM:   RWX_X_ONLY
00:00:01.597491 HM:   PAGE_WALK_LENGTH_4
00:00:01.597492 HM:   EMT_UC
00:00:01.597492 HM:   EMT_WB
00:00:01.597492 HM:   PDE_2M
00:00:01.597492 HM:   PDPTE_1G
00:00:01.597492 HM:   INVEPT
00:00:01.597493 HM:   EPT_ACCESS_DIRTY
00:00:01.597493 HM:   INVEPT_SINGLE_CONTEXT
00:00:01.597493 HM:   INVEPT_ALL_CONTEXTS
00:00:01.597493 HM:   INVVPID
00:00:01.597493 HM:   INVVPID_INDIV_ADDR
00:00:01.597494 HM:   INVVPID_SINGLE_CONTEXT
00:00:01.597494 HM:   INVVPID_ALL_CONTEXTS
00:00:01.597494 HM:   INVVPID_SINGLE_CONTEXT_RETAIN_GLOBALS
00:00:01.597494 HM: MSR_IA32_VMX_VMFUNC               = 0x1
00:00:01.597495 HM:   EPTP_SWITCHING
00:00:01.597495 HM: MSR_IA32_VMX_CR0_FIXED0           = 0x80000021
00:00:01.597495 HM: MSR_IA32_VMX_CR0_FIXED1           = 0xffffffff
00:00:01.597496 HM: MSR_IA32_VMX_CR4_FIXED0           = 0x2000
00:00:01.597496 HM: MSR_IA32_VMX_CR4_FIXED1           = 0x3767ff
00:00:01.597497 HM: APIC-access page physaddr         = 0x000000002c436000
00:00:01.597497 HM: VCPU  0: MSR bitmap physaddr      = 0x000000002c43e000
00:00:01.597498 HM: VCPU  0: VMCS physaddr            = 0x000000002c438000
00:00:01.597499 HM: Guest support: 32-bit and 64-bit
00:00:01.597504 HM: Supports VMCS EFER fields         = true 
00:00:01.597504 HM: Enabled VMX
00:00:01.597506 CPUM: SetGuestCpuIdFeature: Enabled SYSENTER/EXIT
00:00:01.597506 CPUM: SetGuestCpuIdFeature: Enabled PAE
00:00:01.597506 CPUM: SetGuestCpuIdFeature: Enabled LONG MODE
00:00:01.597507 CPUM: SetGuestCpuIdFeature: Enabled SYSCALL/RET
00:00:01.597507 CPUM: SetGuestCpuIdFeature: Enabled LAHF/SAHF
00:00:01.597507 CPUM: SetGuestCpuIdFeature: Enabled NX
00:00:01.597507 HM: Enabled nested paging
00:00:01.597508 HM:   EPT flush type                  = Single context
00:00:01.597508 HM: Enabled unrestricted guest execution
00:00:01.597508 HM: Enabled large page support
00:00:01.597508 HM: Enabled VPID
00:00:01.597509 HM:   VPID flush type                 = Single context
00:00:01.597509 HM: Enabled VMX-preemption timer (cPreemptTimerShift=7)
00:00:01.597509 HM: VT-x/AMD-V init method: GLOBAL
00:00:01.597510 EM: Exit history optimizations: enabled=true  enabled-r0=true  enabled-r0-no-preemption=false
00:00:01.597558 PcBios: SATA LUN#0 LCHS=1024/255/63
00:00:01.597599 APIC: fPostedIntrsEnabled=false fVirtApicRegsEnabled=false fSupportsTscDeadline=false
00:00:01.597622 TMR3UtcNow: nsNow=1 570 184 140 282 365 000 nsPrev=0 -> cNsDelta=1 570 184 140 282 365 000 (offLag=0 offVirtualSync=0 offVirtualSyncGivenUp=0, NowAgain=1 570 184 140 282 365 000)
00:00:01.597647 VMM: fUsePeriodicPreemptionTimers=false
00:00:01.597756 CPUM: Logical host processors: 4 present, 4 max, 4 online, online mask: 000000000000000f
00:00:01.597758 CPUM: Physical host cores: 4
00:00:01.597758 ************************* CPUID dump ************************
00:00:01.597769          Raw Standard CPUID Leaves
00:00:01.597769      Leaf/sub-leaf  eax      ebx      ecx      edx
00:00:01.597770 Gst: 00000000/0000  00000016 756e6547 6c65746e 49656e69
00:00:01.597771 Hst:                00000016 756e6547 6c65746e 49656e69
00:00:01.597772 Gst: 00000001/0000  000906e9 00010800 d6fa220b 178bfbff
00:00:01.597773 Hst:                000906e9 04100800 7ffafbff bfebfbff
00:00:01.597774 Gst: 00000002/0000  76036301 00f0b6ff 00000000 00c30000
00:00:01.597774 Hst:                76036301 00f0b6ff 00000000 00c30000
00:00:01.597775 Gst: 00000003/0000  00000000 00000000 00000000 00000000
00:00:01.597776 Hst:                00000000 00000000 00000000 00000000
00:00:01.597776 Gst: 00000004/0000  00000121 01c0003f 0000003f 00000000
00:00:01.597777 Hst:                1c004121 01c0003f 0000003f 00000000
00:00:01.597777 Gst: 00000004/0001  00000122 01c0003f 0000003f 00000000
00:00:01.597778 Hst:                1c004122 01c0003f 0000003f 00000000
00:00:01.597779 Gst: 00000004/0002  00000143 00c0003f 000003ff 00000000
00:00:01.597779 Hst:                1c004143 00c0003f 000003ff 00000000
00:00:01.597780 Gst: 00000004/0003  00000163 02c0003f 00001fff 00000006
00:00:01.597781 Hst:                1c03c163 02c0003f 00001fff 00000006
00:00:01.597781 Gst: 00000004/0004  00000000 00000000 00000000 00000000
00:00:01.597782 Hst:                00000000 00000000 00000000 00000000
00:00:01.597782 Gst: 00000005/0000  00000040 00000040 00000000 00000000
00:00:01.597783 Hst:                00000040 00000040 00000003 00142120
00:00:01.597784 Gst: 00000006/0000  00000000 00000000 00000000 00000000
00:00:01.597784 Hst:                000027f7 00000002 00000009 00000000
00:00:01.597785 Gst: 00000007/0000  00000000 00842421 00000000 00000000
00:00:01.597785 Hst:                00000000 029c6fbf 00000000 0c000000
00:00:01.597786 Gst: 00000007/0001  00000000 00000000 00000000 00000000
00:00:01.597786 Hst:                00000000 00000000 00000000 00000000
00:00:01.597787 Gst: 00000008/0000  00000000 00000000 00000000 00000000
00:00:01.597787 Hst:                00000000 00000000 00000000 00000000
00:00:01.597788 Gst: 00000009/0000  00000000 00000000 00000000 00000000
00:00:01.597788 Hst:                00000000 00000000 00000000 00000000
00:00:01.597789 Gst: 0000000a/0000  00000000 00000000 00000000 00000000
00:00:01.597789 Hst:                07300804 00000000 00000000 00000603
00:00:01.597790 Gst: 0000000b/0000  00000000 00000001 00000100 00000000
00:00:01.597790 Hst:                00000001 00000001 00000100 00000004
00:00:01.597791 Gst: 0000000b/0001  00000001 00000001 00000201 00000000
00:00:01.597791 Hst:                00000004 00000004 00000201 00000004
00:00:01.597792 Gst: 0000000b/0002  00000000 00000000 00000002 00000000
00:00:01.597792 Hst:                00000000 00000000 00000002 00000004
00:00:01.597793 Gst: 0000000c/0000  00000000 00000000 00000000 00000000
00:00:01.597793 Hst:                00000000 00000000 00000000 00000000
00:00:01.597794 Gst: 0000000d/0000  00000007 00000340 00000340 00000000
00:00:01.597795 Hst:                0000001f 00000340 00000440 00000000
00:00:01.597795 Gst: 0000000d/0001  00000000 00000340 00000000 00000000
00:00:01.597796 Hst:                0000000f 00000340 00000100 00000000
00:00:01.597796 Gst: 0000000d/0002  00000100 00000240 00000000 00000000
00:00:01.597797 Hst:                00000100 00000240 00000000 00000000
00:00:01.597797 Gst: 0000000d/0003  00000000 00000000 00000000 00000000
00:00:01.597798 Hst:                00000040 000003c0 00000000 00000000
00:00:01.597798 Gst: 0000000d/0004  00000000 00000000 00000000 00000000
00:00:01.597799 Hst:                00000040 00000400 00000000 00000000
00:00:01.597799 Gst: 0000000d/0005  00000000 00000000 00000000 00000000
00:00:01.597800 Hst:                00000000 00000000 00000000 00000000
00:00:01.597800 Gst: 0000000d/0006  00000000 00000000 00000000 00000000
00:00:01.597801 Hst:                00000000 00000000 00000000 00000000
00:00:01.597801 Gst: 0000000d/0007  00000000 00000000 00000000 00000000
00:00:01.597802 Hst:                00000000 00000000 00000000 00000000
00:00:01.597802 Gst: 0000000d/0008  00000000 00000000 00000000 00000000
00:00:01.597803 Hst:                00000080 00000000 00000001 00000000
00:00:01.597803 Gst: 0000000d/0009  00000000 00000000 00000000 00000000
00:00:01.597804 Hst:                00000000 00000000 00000000 00000000
00:00:01.597819 Gst: 0000000e/0000  00000000 00000000 00000000 00000000
00:00:01.597820 Hst:                00000000 00000000 00000000 00000000
00:00:01.597821 Gst: 0000000f/0000  00000000 00000000 00000000 00000000
00:00:01.597821 Hst:                00000000 00000000 00000000 00000000
00:00:01.597822 Gst: 00000010/0000  00000000 00000000 00000000 00000000
00:00:01.597822 Hst:                00000000 00000000 00000000 00000000
00:00:01.597823 Gst: 00000011/0000  00000000 00000000 00000000 00000000
00:00:01.597823 Hst:                00000000 00000000 00000000 00000000
00:00:01.597824 Gst: 00000012/0000  00000000 00000000 00000000 00000000
00:00:01.597824 Hst:                00000000 00000000 00000000 00000000
00:00:01.597825 Gst: 00000013/0000  00000000 00000000 00000000 00000000
00:00:01.597825 Hst:                00000000 00000000 00000000 00000000
00:00:01.597826 Gst: 00000014/0000  00000000 00000000 00000000 00000000
00:00:01.597826 Hst:                00000001 0000000f 00000007 00000000
00:00:01.597827 Hst: 00000015/0000  00000002 0000011c 00000000 00000000
00:00:01.597828 Hst: 00000016/0000  00000d48 00000ed8 00000064 00000000
00:00:01.597828                                Name: GenuineIntel
00:00:01.597829                            Supports: 0x00000000-0x00000016
00:00:01.597831                              Family:  6 	Extended: 0 	Effective: 6
00:00:01.597832                               Model: 14 	Extended: 9 	Effective: 158
00:00:01.597833                            Stepping: 9
00:00:01.597833                                Type: 0 (primary)
00:00:01.597834                             APIC ID: 0x00
00:00:01.597835                        Logical CPUs: 1
00:00:01.597835                        CLFLUSH Size: 8
00:00:01.597836                            Brand ID: 0x00
00:00:01.597837 Features
00:00:01.597837   Mnemonic - Description                                  = guest (host)
00:00:01.597844   FPU - x87 FPU on Chip                                   = 1 (1)
00:00:01.597846   VME - Virtual 8086 Mode Enhancements                    = 1 (1)
00:00:01.597847   DE - Debugging extensions                               = 1 (1)
00:00:01.597847   PSE - Page Size Extension                               = 1 (1)
00:00:01.597848   TSC - Time Stamp Counter                                = 1 (1)
00:00:01.597849   MSR - Model Specific Registers                          = 1 (1)
00:00:01.597850   PAE - Physical Address Extension                        = 1 (1)
00:00:01.597850   MCE - Machine Check Exception                           = 1 (1)
00:00:01.597851   CX8 - CMPXCHG8B instruction                             = 1 (1)
00:00:01.597852   APIC - APIC On-Chip                                     = 1 (1)
00:00:01.597853   SEP - SYSENTER and SYSEXIT Present                      = 1 (1)
00:00:01.597854   MTRR - Memory Type Range Registers                      = 1 (1)
00:00:01.597854   PGE - PTE Global Bit                                    = 1 (1)
00:00:01.597855   MCA - Machine Check Architecture                        = 1 (1)
00:00:01.597856   CMOV - Conditional Move instructions                    = 1 (1)
00:00:01.597856   PAT - Page Attribute Table                              = 1 (1)
00:00:01.597857   PSE-36 - 36-bit Page Size Extension                     = 1 (1)
00:00:01.597858   PSN - Processor Serial Number                           = 0 (0)
00:00:01.597859   CLFSH - CLFLUSH instruction                             = 1 (1)
00:00:01.597860   DS - Debug Store                                        = 0 (1)
00:00:01.597860   ACPI - Thermal Mon. & Soft. Clock Ctrl.                 = 0 (1)
00:00:01.597861   MMX - Intel MMX Technology                              = 1 (1)
00:00:01.597862   FXSR - FXSAVE and FXRSTOR instructions                  = 1 (1)
00:00:01.597863   SSE - SSE support                                       = 1 (1)
00:00:01.597863   SSE2 - SSE2 support                                     = 1 (1)
00:00:01.597864   SS - Self Snoop                                         = 0 (1)
00:00:01.597865   HTT - Hyper-Threading Technology                        = 1 (1)
00:00:01.597866   TM - Therm. Monitor                                     = 0 (1)
00:00:01.597867   PBE - Pending Break Enabled                             = 0 (1)
00:00:01.597868   SSE3 - SSE3 support                                     = 1 (1)
00:00:01.597868   PCLMUL - PCLMULQDQ support (for AES-GCM)                = 1 (1)
00:00:01.597869   DTES64 - DS Area 64-bit Layout                          = 0 (1)
00:00:01.597870   MONITOR - MONITOR/MWAIT instructions                    = 1 (1)
00:00:01.597871   CPL-DS - CPL Qualified Debug Store                      = 0 (1)
00:00:01.597871   VMX - Virtual Machine Extensions                        = 0 (1)
00:00:01.597872   SMX - Safer Mode Extensions                             = 0 (1)
00:00:01.597873   EST - Enhanced SpeedStep Technology                     = 0 (1)
00:00:01.597873   TM2 - Terminal Monitor 2                                = 0 (1)
00:00:01.597874   SSSE3 - Supplemental Streaming SIMD Extensions 3        = 1 (1)
00:00:01.597875   CNTX-ID - L1 Context ID                                 = 0 (0)
00:00:01.597876   SDBG - Silicon Debug interface                          = 0 (1)
00:00:01.597876   FMA - Fused Multiply Add extensions                     = 0 (1)
00:00:01.597877   CX16 - CMPXCHG16B instruction                           = 1 (1)
00:00:01.597878   TPRUPDATE - xTPR Update Control                         = 0 (1)
00:00:01.597879   PDCM - Perf/Debug Capability MSR                        = 0 (1)
00:00:01.597879   PCID - Process Context Identifiers                      = 1 (1)
00:00:01.597880   DCA - Direct Cache Access                               = 0 (0)
00:00:01.597881   SSE4_1 - SSE4_1 support                                 = 1 (1)
00:00:01.597882   SSE4_2 - SSE4_2 support                                 = 1 (1)
00:00:01.597882   X2APIC - x2APIC support                                 = 1 (1)
00:00:01.597883   MOVBE - MOVBE instruction                               = 1 (1)
00:00:01.597884   POPCNT - POPCNT instruction                             = 1 (1)
00:00:01.597885   TSCDEADL - Time Stamp Counter Deadline                  = 0 (1)
00:00:01.597885   AES - AES instructions                                  = 1 (1)
00:00:01.597886   XSAVE - XSAVE instruction                               = 1 (1)
00:00:01.597887   OSXSAVE - OSXSAVE instruction                           = 0 (1)
00:00:01.597888   AVX - AVX support                                       = 1 (1)
00:00:01.597889   F16C - 16-bit floating point conversion instructions    = 0 (1)
00:00:01.597889   RDRAND - RDRAND instruction                             = 1 (1)
00:00:01.597890   HVP - Hypervisor Present (we're a guest)                = 1 (0)
00:00:01.597891 Structured Extended Feature Flags Enumeration (leaf 7):
00:00:01.597891   Mnemonic - Description                                  = guest (host)
00:00:01.597891   FSGSBASE - RDFSBASE/RDGSBASE/WRFSBASE/WRGSBASE instr.   = 1 (1)
00:00:01.597892   TSCADJUST - Supports MSR_IA32_TSC_ADJUST                = 0 (1)
00:00:01.597893   SGX - Supports Software Guard Extensions                = 0 (1)
00:00:01.597893   BMI1 - Advanced Bit Manipulation extension 1            = 0 (1)
00:00:01.597894   HLE - Hardware Lock Elision                             = 0 (1)
00:00:01.597895   AVX2 - Advanced Vector Extensions 2                     = 1 (1)
00:00:01.597895   FDP_EXCPTN_ONLY - FPU DP only updated on exceptions     = 0 (0)
00:00:01.597896   SMEP - Supervisor Mode Execution Prevention             = 0 (1)
00:00:01.597896   BMI2 - Advanced Bit Manipulation extension 2            = 0 (1)
00:00:01.597897   ERMS - Enhanced REP MOVSB/STOSB instructions            = 0 (1)
00:00:01.597898   INVPCID - INVPCID instruction                           = 1 (1)
00:00:01.597898   RTM - Restricted Transactional Memory                   = 0 (1)
00:00:01.597899   PQM - Platform Quality of Service Monitoring            = 0 (0)
00:00:01.597900   DEPFPU_CS_DS - Deprecates FPU CS, FPU DS values if set  = 1 (1)
00:00:01.597900   MPE - Intel Memory Protection Extensions                = 0 (1)
00:00:01.597901   PQE - Platform Quality of Service Enforcement           = 0 (0)
00:00:01.597901   AVX512F - AVX512 Foundation instructions                = 0 (0)
00:00:01.597902   RDSEED - RDSEED instruction                             = 1 (1)
00:00:01.597903   ADX - ADCX/ADOX instructions                            = 0 (1)
00:00:01.597904   SMAP - Supervisor Mode Access Prevention                = 0 (1)
00:00:01.597904   CLFLUSHOPT - CLFLUSHOPT (Cache Line Flush) instruction  = 1 (1)
00:00:01.597905   INTEL_PT - Intel Processor Trace                        = 0 (1)
00:00:01.597905   AVX512PF - AVX512 Prefetch instructions                 = 0 (0)
00:00:01.597906   AVX512ER - AVX512 Exponential & Reciprocal instructions = 0 (0)
00:00:01.597907   AVX512CD - AVX512 Conflict Detection instructions       = 0 (0)
00:00:01.597907   SHA - Secure Hash Algorithm extensions                  = 0 (0)
00:00:01.597908   PREFETCHWT1 - PREFETCHWT1 instruction                   = 0 (0)
00:00:01.597909   UMIP - User mode insturction prevention                 = 0 (0)
00:00:01.597909   PKU - Protection Key for Usermode pages                 = 0 (0)
00:00:01.597910   OSPKE - CR4.PKU mirror                                  = 0 (0)
00:00:01.597911   MAWAU - Value used by BNDLDX & BNDSTX                   = 0x0 (0x0)
00:00:01.597912   RDPID - Read processor ID support                       = 0 (0)
00:00:01.597912   SGX_LC - Supports SGX Launch Configuration              = 0 (0)
00:00:01.597913   IBRS_IBPB - IA32_SPEC_CTRL.IBRS and IA32_PRED_CMD.IBPB  = 0 (1)
00:00:01.597914   STIBP - Supports IA32_SPEC_CTRL.STIBP                   = 0 (1)
00:00:01.597914   FLUSH_CMD - Supports IA32_FLUSH_CMD                     = 0 (0)
00:00:01.597915   ARCHCAP - Supports IA32_ARCH_CAP                        = 0 (0)
00:00:01.597916 Processor Extended State Enumeration (leaf 0xd):
00:00:01.597916    XSAVE area cur/max size by XCR0, guest: 0x340/0x340
00:00:01.597917     XSAVE area cur/max size by XCR0, host: 0x340/0x440
00:00:01.597918                    Valid XCR0 bits, guest: 0x00000000`00000007 ( x87 SSE YMM_Hi128 )
00:00:01.597919                     Valid XCR0 bits, host: 0x00000000`0000001f ( x87 SSE YMM_Hi128 BNDREGS BNDCSR )
00:00:01.597921                     XSAVE features, guest:
00:00:01.597921                      XSAVE features, host: XSAVEOPT XSAVEC XGETBC1 XSAVES
00:00:01.597922       XSAVE area cur size XCR0|XSS, guest: 0x340
00:00:01.597923        XSAVE area cur size XCR0|XSS, host: 0x340
00:00:01.597923                Valid IA32_XSS bits, guest: 0x00000000`00000000
00:00:01.597924                 Valid IA32_XSS bits, host: 0x00000100`00000000 ( 40 )
00:00:01.597925   State #2, guest: off=0x0240, cb=0x0100 IA32_XSS-bit -- YMM_Hi128
00:00:01.597926   State #2, host:  off=0x0240, cb=0x0100 IA32_XSS-bit -- YMM_Hi128
00:00:01.597927   State #3, host:  off=0x03c0, cb=0x0040 IA32_XSS-bit -- BNDREGS
00:00:01.597928   State #4, host:  off=0x0400, cb=0x0040 IA32_XSS-bit -- BNDCSR
00:00:01.597929   State #8, host:  off=0x0000, cb=0x0080 XCR0-bit -- 8
00:00:01.597944          Unknown CPUID Leaves
00:00:01.597944      Leaf/sub-leaf  eax      ebx      ecx      edx
00:00:01.597945 Gst: 00000014/0001  00000000 00000000 00000000 00000000
00:00:01.597945 Hst:                02490002 003f3fff 00000000 00000000
00:00:01.597946 Gst: 00000014/0002  00000000 00000000 00000000 00000000
00:00:01.597947 Hst:                00000000 00000000 00000000 00000000
00:00:01.597947 Gst: 00000015/0000  00000000 00000000 00000000 00000000
00:00:01.597948 Hst:                00000002 0000011c 00000000 00000000
00:00:01.597948 Gst: 00000016/0000  00000000 00000000 00000000 00000000
00:00:01.597949 Hst:                00000d48 00000ed8 00000064 00000000
00:00:01.597950          Raw Hypervisor CPUID Leaves
00:00:01.597950      Leaf/sub-leaf  eax      ebx      ecx      edx
00:00:01.597951 Gst: 40000000/0000  40000001 4b4d564b 564b4d56 0000004d
00:00:01.597952 Hst:                00000d48 00000ed8 00000064 00000000
00:00:01.597952 Gst: 40000001/0000  01000089 00000000 00000000 00000000
00:00:01.597953 Hst:                00000d48 00000ed8 00000064 00000000
00:00:01.597954          Raw Extended CPUID Leaves
00:00:01.597954      Leaf/sub-leaf  eax      ebx      ecx      edx
00:00:01.597954 Gst: 80000000/0000  80000008 00000000 00000000 00000000
00:00:01.597955 Hst:                80000008 00000000 00000000 00000000
00:00:01.597955 Gst: 80000001/0000  00000000 00000000 00000121 28100800
00:00:01.597956 Hst:                00000000 00000000 00000121 2c100800
00:00:01.597957 Gst: 80000002/0000  65746e49 2952286c 726f4320 4d542865
00:00:01.597958 Hst:                65746e49 2952286c 726f4320 4d542865
00:00:01.597959 Gst: 80000003/0000  35692029 3035372d 50432030 20402055
00:00:01.597960 Hst:                35692029 3035372d 50432030 20402055
00:00:01.597961 Gst: 80000004/0000  30342e33 007a4847 00000000 00000000
00:00:01.597962 Hst:                30342e33 007a4847 00000000 00000000
00:00:01.597962 Gst: 80000005/0000  00000000 00000000 00000000 00000000
00:00:01.597963 Hst:                00000000 00000000 00000000 00000000
00:00:01.597964 Gst: 80000006/0000  00000000 00000000 01006040 00000000
00:00:01.597964 Hst:                00000000 00000000 01006040 00000000
00:00:01.597965 Gst: 80000007/0000  00000000 00000000 00000000 00000100
00:00:01.597965 Hst:                00000000 00000000 00000000 00000100
00:00:01.597966 Gst: 80000008/0000  00003027 00000000 00000000 00000000
00:00:01.597967 Hst:                00003027 00000000 00000000 00000000
00:00:01.597967 Ext Name:                        
00:00:01.597967 Ext Supports:                    0x80000000-0x80000008
00:00:01.597968 Family:                          0  	Extended: 0 	Effective: 0
00:00:01.597968 Model:                           0  	Extended: 0 	Effective: 0
00:00:01.597969 Stepping:                        0
00:00:01.597969 Brand ID:                        0x000
00:00:01.597969 Ext Features
00:00:01.597970   Mnemonic - Description                                  = guest (host)
00:00:01.597970   FPU - x87 FPU on Chip                                   = 0 (0)
00:00:01.597971   VME - Virtual 8086 Mode Enhancements                    = 0 (0)
00:00:01.597972   DE - Debugging extensions                               = 0 (0)
00:00:01.597973   PSE - Page Size Extension                               = 0 (0)
00:00:01.597973   TSC - Time Stamp Counter                                = 0 (0)
00:00:01.597974   MSR - K86 Model Specific Registers                      = 0 (0)
00:00:01.597975   PAE - Physical Address Extension                        = 0 (0)
00:00:01.597976   MCE - Machine Check Exception                           = 0 (0)
00:00:01.597976   CX8 - CMPXCHG8B instruction                             = 0 (0)
00:00:01.597977   APIC - APIC On-Chip                                     = 0 (0)
00:00:01.597978   SEP - SYSCALL/SYSRET                                    = 1 (1)
00:00:01.597979   MTRR - Memory Type Range Registers                      = 0 (0)
00:00:01.597980   PGE - PTE Global Bit                                    = 0 (0)
00:00:01.597980   MCA - Machine Check Architecture                        = 0 (0)
00:00:01.597981   CMOV - Conditional Move instructions                    = 0 (0)
00:00:01.597982   PAT - Page Attribute Table                              = 0 (0)
00:00:01.597983   PSE-36 - 36-bit Page Size Extension                     = 0 (0)
00:00:01.597983   NX - No-Execute/Execute-Disable                         = 1 (1)
00:00:01.597984   AXMMX - AMD Extensions to MMX instructions              = 0 (0)
00:00:01.597985   MMX - Intel MMX Technology                              = 0 (0)
00:00:01.597985   FXSR - FXSAVE and FXRSTOR Instructions                  = 0 (0)
00:00:01.597986   FFXSR - AMD fast FXSAVE and FXRSTOR instructions        = 0 (0)
00:00:01.597987   Page1GB - 1 GB large page                               = 0 (1)
00:00:01.597987   RDTSCP - RDTSCP instruction                             = 1 (1)
00:00:01.597988   LM - AMD64 Long Mode                                    = 1 (1)
00:00:01.597989   3DNOWEXT - AMD Extensions to 3DNow                      = 0 (0)
00:00:01.597990   3DNOW - AMD 3DNow                                       = 0 (0)
00:00:01.597991   LahfSahf - LAHF/SAHF support in 64-bit mode             = 1 (1)
00:00:01.597991   CmpLegacy - Core multi-processing legacy mode           = 0 (0)
00:00:01.597992   SVM - AMD Secure Virtual Machine extensions             = 0 (0)
00:00:01.597993   EXTAPIC - AMD Extended APIC registers                   = 0 (0)
00:00:01.597993   CR8L - AMD LOCK MOV CR0 means MOV CR8                   = 0 (0)
00:00:01.597994   ABM - AMD Advanced Bit Manipulation                     = 1 (1)
00:00:01.597995   SSE4A - SSE4A instructions                              = 0 (0)
00:00:01.597995   MISALIGNSSE - AMD Misaligned SSE mode                   = 0 (0)
00:00:01.597996   3DNOWPRF - AMD PREFETCH and PREFETCHW instructions      = 1 (1)
00:00:01.597997   OSVW - AMD OS Visible Workaround                        = 0 (0)
00:00:01.597997   IBS - Instruct Based Sampling                           = 0 (0)
00:00:01.597998   XOP - Extended Operation support                        = 0 (0)
00:00:01.597999   SKINIT - SKINIT, STGI, and DEV support                  = 0 (0)
00:00:01.597999   WDT - AMD Watchdog Timer support                        = 0 (0)
00:00:01.598000   LWP - Lightweight Profiling support                     = 0 (0)
00:00:01.598001   FMA4 - Four operand FMA instruction support             = 0 (0)
00:00:01.598001   NodeId - NodeId in MSR C001_100C                        = 0 (0)
00:00:01.598002   TBM - Trailing Bit Manipulation instructions            = 0 (0)
00:00:01.598003   TOPOEXT - Topology Extensions                           = 0 (0)
00:00:01.598003   PRFEXTCORE - Performance Counter Extensions support     = 0 (0)
00:00:01.598004   PRFEXTNB - NB Performance Counter Extensions support    = 0 (0)
00:00:01.598005   DATABPEXT - Data-access Breakpoint Extension            = 0 (0)
00:00:01.598005   PERFTSC - Performance Time Stamp Counter                = 0 (0)
00:00:01.598006 Full Name:                       "Intel(R) Core(TM) i5-7500 CPU @ 3.40GHz"
00:00:01.598007 TLB 2/4M Instr/Uni:              res0     0 entries
00:00:01.598007 TLB 2/4M Data:                   res0     0 entries
00:00:01.598008 TLB 4K Instr/Uni:                res0     0 entries
00:00:01.598008 TLB 4K Data:                     res0     0 entries
00:00:01.598008 L1 Instr Cache Line Size:        0 bytes
00:00:01.598009 L1 Instr Cache Lines Per Tag:    0
00:00:01.598009 L1 Instr Cache Associativity:    res0  
00:00:01.598009 L1 Instr Cache Size:             0 KB
00:00:01.598009 L1 Data Cache Line Size:         0 bytes
00:00:01.598010 L1 Data Cache Lines Per Tag:     0
00:00:01.598010 L1 Data Cache Associativity:     res0  
00:00:01.598010 L1 Data Cache Size:              0 KB
00:00:01.598011 L2 TLB 2/4M Instr/Uni:           off       0 entries
00:00:01.598011 L2 TLB 2/4M Data:                off       0 entries
00:00:01.598011 L2 TLB 4K Instr/Uni:             off       0 entries
00:00:01.598012 L2 TLB 4K Data:                  off       0 entries
00:00:01.598012 L2 Cache Line Size:              0 bytes
00:00:01.598012 L2 Cache Lines Per Tag:          0
00:00:01.598012 L2 Cache Associativity:          off   
00:00:01.598013 L2 Cache Size:                   0 KB
00:00:01.598013   TS - Temperature Sensor                                 = 0 (0)
00:00:01.598014   FID - Frequency ID control                              = 0 (0)
00:00:01.598015   VID - Voltage ID control                                = 0 (0)
00:00:01.598016   TscInvariant - Invariant Time Stamp Counter             = 1 (1)
00:00:01.598016   CBP - Core Performance Boost                            = 0 (0)
00:00:01.598017   EffFreqRO - Read-only Effective Frequency Interface     = 0 (0)
00:00:01.598018   ProcFdbkIf - Processor Feedback Interface               = 0 (0)
00:00:01.598018   ProcPwrRep - Core power reporting interface support     = 0 (0)
00:00:01.598019 Physical Address Width:          39 bits
00:00:01.598019 Virtual Address Width:           48 bits
00:00:01.598020 Guest Physical Address Width:    0 bits
00:00:01.598020 Physical Core Count:             1
00:00:01.598021 
00:00:01.598021 ******************** End of CPUID dump **********************
00:00:01.598021 *********************** VT-x features ***********************
00:00:01.598022 Nested hardware virtualization - VMX features
00:00:01.598022   Mnemonic - Description                                  = guest (host)
00:00:01.598023   VMX - Virtual-Machine Extensions                        = 0 (1)
00:00:01.598023   InsOutInfo - INS/OUTS instruction info.                 = 0 (1)
00:00:01.598024   ExtIntExit - External interrupt exiting                 = 0 (1)
00:00:01.598024   NmiExit - NMI exiting                                   = 0 (1)
00:00:01.598024   VirtNmi - Virtual NMIs                                  = 0 (1)
00:00:01.598025   PreemptTimer - VMX preemption timer                     = 0 (1)
00:00:01.598025   PostedInt - Posted interrupts                           = 0 (0)
00:00:01.598026   IntWindowExit - Interrupt-window exiting                = 0 (1)
00:00:01.598026   TscOffsetting - TSC offsetting                          = 0 (1)
00:00:01.598026   HltExit - HLT exiting                                   = 0 (1)
00:00:01.598027   InvlpgExit - INVLPG exiting                             = 0 (1)
00:00:01.598027   MwaitExit - MWAIT exiting                               = 0 (1)
00:00:01.598027   RdpmcExit - RDPMC exiting                               = 0 (1)
00:00:01.598028   RdtscExit - RDTSC exiting                               = 0 (1)
00:00:01.598028   Cr3LoadExit - CR3-load exiting                          = 0 (1)
00:00:01.598029   Cr3StoreExit - CR3-store exiting                        = 0 (1)
00:00:01.598029   Cr8LoadExit  - CR8-load exiting                         = 0 (1)
00:00:01.598029   Cr8StoreExit - CR8-store exiting                        = 0 (1)
00:00:01.598030   UseTprShadow - Use TPR shadow                           = 0 (1)
00:00:01.598030   NmiWindowExit - NMI-window exiting                      = 0 (1)
00:00:01.598031   MovDRxExit - Mov-DR exiting                             = 0 (1)
00:00:01.598031   UncondIoExit - Unconditional I/O exiting                = 0 (1)
00:00:01.598031   UseIoBitmaps - Use I/O bitmaps                          = 0 (1)
00:00:01.598032   MonitorTrapFlag - Monitor trap flag                     = 0 (1)
00:00:01.598032   UseMsrBitmaps - MSR bitmaps                             = 0 (1)
00:00:01.598033   MonitorExit - MONITOR exiting                           = 0 (1)
00:00:01.598033   PauseExit - PAUSE exiting                               = 0 (1)
00:00:01.598033   SecondaryExecCtl - Activate secondary controls          = 0 (1)
00:00:01.598034   VirtApic - Virtualize-APIC accesses                     = 0 (1)
00:00:01.598034   Ept - Extended Page Tables                              = 0 (1)
00:00:01.598034   DescTableExit - Descriptor-table exiting                = 0 (1)
00:00:01.598035   Rdtscp - Enable RDTSCP                                  = 0 (1)
00:00:01.598035   VirtX2ApicMode - Virtualize-x2APIC mode                 = 0 (1)
00:00:01.598036   Vpid - Enable VPID                                      = 0 (1)
00:00:01.598036   WbinvdExit - WBINVD exiting                             = 0 (1)
00:00:01.598036   UnrestrictedGuest - Unrestricted guest                  = 0 (1)
00:00:01.598037   ApicRegVirt - APIC-register virtualization              = 0 (0)
00:00:01.598037   VirtIntDelivery - Virtual-interrupt delivery            = 0 (0)
00:00:01.598038   PauseLoopExit - PAUSE-loop exiting                      = 0 (1)
00:00:01.598038   RdrandExit - RDRAND exiting                             = 0 (1)
00:00:01.598038   Invpcid - Enable INVPCID                                = 0 (1)
00:00:01.598039   VmFuncs - Enable VM Functions                           = 0 (1)
00:00:01.598039   VmcsShadowing - VMCS shadowing                          = 0 (1)
00:00:01.598040   RdseedExiting - RDSEED exiting                          = 0 (1)
00:00:01.598040   PML - Page-Modification Log (PML)                       = 0 (1)
00:00:01.598040   EptVe - EPT violations can cause #VE                    = 0 (1)
00:00:01.598041   XsavesXRstors - Enable XSAVES/XRSTORS                   = 0 (1)
00:00:01.598041   EntryLoadDebugCtls - Load debug controls on VM-entry    = 0 (1)
00:00:01.598041   Ia32eModeGuest - IA-32e mode guest                      = 0 (1)
00:00:01.598042   EntryLoadEferMsr - Load IA32_EFER MSR on VM-entry       = 0 (1)
00:00:01.598042   EntryLoadPatMsr - Load IA32_PAT MSR on VM-entry         = 0 (1)
00:00:01.598043   ExitSaveDebugCtls - Save debug controls on VM-exit      = 0 (1)
00:00:01.598043   HostAddrSpaceSize - Host address-space size             = 0 (1)
00:00:01.598043   ExitAckExtInt - Acknowledge interrupt on VM-exit        = 0 (1)
00:00:01.598044   ExitSavePatMsr - Save IA32_PAT MSR on VM-exit           = 0 (1)
00:00:01.598044   ExitLoadPatMsr - Load IA32_PAT MSR on VM-exit           = 0 (1)
00:00:01.598045   ExitSaveEferMsr - Save IA32_EFER MSR on VM-exit         = 0 (1)
00:00:01.598045   ExitLoadEferMsr - Load IA32_EFER MSR on VM-exit         = 0 (1)
00:00:01.598045   SavePreemptTimer - Save VMX-preemption timer            = 0 (1)
00:00:01.598046   ExitSaveEferLma - Save IA32_EFER.LMA on VM-exit         = 0 (1)
00:00:01.598046   IntelPt - Intel PT (Processor Trace) in VMX operation   = 0 (1)
00:00:01.598046   VmwriteAll - Write allowed to read-only VMCS fields     = 0 (1)
00:00:01.598047   EntryInjectSoftInt - Inject softint. with 0-len instr.  = 0 (1)
00:00:01.598047 
00:00:01.598048 ******************* End of VT-x features ********************
00:00:01.598070 VMEmt: Halt method global1 (5)
00:00:01.598522 VMEmt: HaltedGlobal1 config: cNsSpinBlockThresholdCfg=2000
00:00:01.598551 Changing the VM state from 'CREATING' to 'CREATED'
00:00:01.602311 SharedFolders host service: Adding host mapping
00:00:01.602353     Host path '/Users/svan-der', map name 'Shared_VM_Folder', writable, automount=true, automntpnt=/, create_symlinks=false, missing=false
00:00:01.602603 Changing the VM state from 'CREATED' to 'POWERING_ON'
00:00:01.602676 AIOMgr: Endpoints without assigned bandwidth groups:
00:00:01.602707 AIOMgr:     /sgoinfre/svan-der/Virtual Machine/Ubuntu/Ubuntu/Ubuntu.vdi
00:00:01.602811 Changing the VM state from 'POWERING_ON' to 'RUNNING'
00:00:01.602845 Console: Machine state changed to 'Running'
00:00:01.607660 VMMDev: Guest Log: BIOS: VirtualBox 6.0.4
00:00:01.607809 PCI: Setting up resources and interrupts
00:00:01.608244 PIT: mode=2 count=0x10000 (65536) - 18.20 Hz (ch=0)
00:00:01.625313 Display::handleDisplayResize: uScreenId=0 pvVRAM=0000000000000000 w=720 h=400 bpp=0 cbLine=0x0 flags=0x0
00:00:01.625433 GUI: UIFrameBufferPrivate::NotifyChange: Screen=0, Origin=0x0, Size=720x400, Sending to async-handler
00:00:01.626125 VMMDev: Guest Log: CPUID EDX: 0x178bfbff
00:00:01.626203 PIIX3 ATA: Ctl#1: RESET, DevSel=0 AIOIf=0 CmdIf0=0x00 (-1 usec ago) CmdIf1=0x00 (-1 usec ago)
00:00:01.626273 PIIX3 ATA: Ctl#1: finished processing RESET
00:00:01.628878 AHCI#0: Reset the HBA
00:00:01.628912 VD#0: Cancelling all active requests
00:00:01.628975 AHCI#0: Port 0 reset
00:00:01.629050 VD#0: Cancelling all active requests
00:00:01.629554 VMMDev: Guest Log: BIOS: AHCI 0-P#0: PCHS=16383/16/63 LCHS=1024/255/63 0x0000000001000000 sectors
00:00:01.632654 PIT: mode=2 count=0x48d3 (18643) - 64.00 Hz (ch=0)
00:00:01.647717 Display::handleDisplayResize: uScreenId=0 pvVRAM=00000001163e2000 w=640 h=480 bpp=32 cbLine=0xA00 flags=0x0
00:00:01.647865 GUI: UIFrameBufferPrivate::NotifyChange: Screen=0, Origin=0x0, Size=640x480, Sending to async-handler
00:00:02.109581 GUI: UIMachineViewNormal::resendSizeHint: Restoring guest size-hint for screen 0 to 800x600
00:00:02.109711 VMMDev: SetVideoModeHint: Got a video mode hint (800x600x32)@(0x0),(1;0) at 0
00:00:02.109842 GUI: UIMachineView::sltHandleNotifyChange: Screen=0, Size=720x400
00:00:02.109880 GUI: UIFrameBufferPrivate::handleNotifyChange: Size=720x400
00:00:02.109910 GUI: UIFrameBufferPrivate::performResize: Size=720x400, Directly using source bitmap content
00:00:02.110054 GUI: UIMachineView::sltHandleNotifyChange: Screen=0, Size=640x480
00:00:02.110088 GUI: UIFrameBufferPrivate::handleNotifyChange: Size=640x480
00:00:02.114403 GUI: 2D video acceleration is disabled
00:00:02.114486 GUI: HID LEDs sync is enabled
00:00:02.181442 GUI: UIMachineLogicNormal::sltCheckForRequestedVisualStateType: Requested-state=0, Machine-state=5
00:00:04.107911 Display::handleDisplayResize: uScreenId=0 pvVRAM=0000000000000000 w=720 h=400 bpp=0 cbLine=0x0 flags=0x0
00:00:04.108085 GUI: UIFrameBufferPrivate::NotifyChange: Screen=0, Origin=0x0, Size=720x400, Sending to async-handler
00:00:04.109484 GUI: UIMachineView::sltHandleNotifyChange: Screen=0, Size=720x400
00:00:04.109563 GUI: UIFrameBufferPrivate::handleNotifyChange: Size=720x400
00:00:04.109631 GUI: UIFrameBufferPrivate::performResize: Size=720x400, Directly using source bitmap content
00:00:04.110308 PIT: mode=2 count=0x10000 (65536) - 18.20 Hz (ch=0)
00:00:04.110385 VMMDev: Guest Log: BIOS: Boot : bseqnr=1, bootseq=0231
00:00:04.110799 VMMDev: Guest Log: BIOS: Boot from Floppy 0 failed
00:00:04.111006 VMMDev: Guest Log: BIOS: Boot : bseqnr=2, bootseq=0023
00:00:04.117755 VMMDev: Guest Log: BIOS: CDROM boot failure code : 0004
00:00:04.118091 VMMDev: Guest Log: BIOS: Boot from CD-ROM failed
00:00:04.118467 VMMDev: Guest Log: BIOS: Boot : bseqnr=3, bootseq=0002
00:00:04.125374 VMMDev: Guest Log: BIOS: Booting from Hard Disk...
00:00:09.981334 GIM: KVM: VCPU  0: Enabled system-time struct. at 0x0000000180054000 - u32TscScale=0x963c1818 i8TscShift=-1 uVersion=2 fFlags=0x1 uTsc=0x6a5bd1ee1 uVirtNanoTS=0x1f3563659
00:00:09.981905 TM: Switching TSC mode from 'Dynamic' to 'RealTscOffset'
00:00:10.192892 GIM: KVM: Enabled wall-clock struct. at 0x00000001800d4000 - u32Sec=1570184148 u32Nano=877605000 uVersion=2
00:00:10.225282 PIT: mode=2 count=0x12a5 (4773) - 249.98 Hz (ch=0)
00:00:10.225817 APIC0: Switched mode to x2APIC
00:00:10.365080 PIT: mode=0 count=0x10000 (65536) - 18.20 Hz (ch=0)
00:00:10.559619 OHCI: Software reset
00:00:11.347208 PIIX3 ATA: Ctl#0: RESET, DevSel=0 AIOIf=0 CmdIf0=0x00 (-1 usec ago) CmdIf1=0x00 (-1 usec ago)
00:00:11.347421 PIIX3 ATA: Ctl#0: finished processing RESET
00:00:11.351059 OHCI: USB Reset
00:00:11.351452 PIIX3 ATA: Ctl#1: RESET, DevSel=0 AIOIf=0 CmdIf0=0xa0 (-1 usec ago) CmdIf1=0x00 (-1 usec ago)
00:00:11.351578 PIIX3 ATA: Ctl#1: finished processing RESET
00:00:11.408562 OHCI: Software reset
00:00:11.408838 OHCI: USB Operational
00:00:12.073951 AHCI#0: Reset the HBA
00:00:12.074077 VD#0: Cancelling all active requests
00:00:12.080833 AHCI#0: Port 0 reset
00:00:12.083210 VD#0: Cancelling all active requests
00:00:12.106782 Display::handleDisplayResize: uScreenId=0 pvVRAM=00000001163e2000 w=800 h=600 bpp=32 cbLine=0xC80 flags=0x1
00:00:12.106900 GUI: UIFrameBufferPrivate::NotifyChange: Screen=0, Origin=0x0, Size=800x600, Sending to async-handler
00:00:12.107024 GUI: UIMachineView::sltHandleNotifyChange: Screen=0, Size=800x600
00:00:12.107068 GUI: UIFrameBufferPrivate::handleNotifyChange: Size=800x600
00:00:12.107445 GUI: UIFrameBufferPrivate::performResize: Size=800x600, Directly using source bitmap content
00:00:13.549302 AIOMgr: Host limits number of active IO requests to 16. Expect a performance impact.
00:00:14.070286 NAT: Link up
00:00:18.574770 VMMDev: Guest Additions information report: Version 6.0.4 r128413 '6.0.4'
00:00:18.574941 VMMDev: Guest Additions information report: Interface = 0x00010004 osType = 0x00053100 (Linux >= 2.6, 64-bit)
00:00:18.575644 VMMDev: Guest Additions capability report: (0x0 -> 0x0) seamless: no, hostWindowMapping: no, graphics: no
00:00:18.575746 VMMDev: vmmDevReqHandler_HeartbeatConfigure: No change (fHeartbeatActive=false)
00:00:18.575800 VMMDev: Heartbeat flatline timer set to trigger after 4 000 000 000 ns
00:00:18.575870 GUI: UISession::sltAdditionsChange: GA state change event came, notifying listeners
00:00:18.575914 GUI: UIMachineLogicNormal::sltCheckForRequestedVisualStateType: Requested-state=0, Machine-state=5
00:00:18.575987 GUI: UISession::sltAdditionsChange: GA state change event came, notifying listeners
00:00:18.576028 GUI: UIMachineLogicNormal::sltCheckForRequestedVisualStateType: Requested-state=0, Machine-state=5
00:00:18.576255 VMMDev: Guest Log: vgdrvHeartbeatInit: Setting up heartbeat to trigger every 2000 milliseconds
00:00:18.586843 GUI: UISession::sltAdditionsChange: GA state really changed, notifying listeners
00:00:18.586938 GUI: UIMachineViewNormal::adjustGuestScreenSize: Adjust guest-screen size if necessary
00:00:18.586986 GUI: UISession::sltAdditionsChange: GA state change event came, notifying listeners
00:00:18.587028 GUI: UIMachineLogicNormal::sltCheckForRequestedVisualStateType: Requested-state=0, Machine-state=5
00:00:18.588127 VMMDev: Guest Additions capability report: (0x0 -> 0x0) seamless: no, hostWindowMapping: no, graphics: no
00:00:18.588264 GUI: UISession::sltAdditionsChange: GA state change event came, notifying listeners
00:00:18.588320 GUI: UIMachineLogicNormal::sltCheckForRequestedVisualStateType: Requested-state=0, Machine-state=5
00:00:18.590695 VMMDev: Guest Log: vboxguest: misc device minor 55, IRQ 20, I/O port d040, MMIO at 00000000f1400000 (size 0x400000)
00:00:18.977397 AC97: Reset
00:00:18.977595 AC97: Reset
00:00:22.525070 NAT: IPv6 not supported
00:00:22.526105 NAT: DHCP offered IP address 10.0.2.15
00:00:22.526798 NAT: DHCP offered IP address 10.0.2.15
00:02:39.709635 VMMDev: Guest Log: 10:18:16.776577 main     VBoxService 6.0.4 r128413 (verbosity: 0) linux.amd64 (Jan 25 2019 19:35:06) release log
00:02:39.710151 VMMDev: Guest Log: 10:18:16.776582 main     Log opened 2019-10-04T10:18:16.774328000Z
00:02:39.710242 VMMDev: Guest Log: 10:18:16.777202 main     OS Product: Linux
00:02:39.710309 VMMDev: Guest Log: 10:18:16.777271 main     OS Release: 4.15.0-64-generic
00:02:39.710374 VMMDev: Guest Log: 10:18:16.777337 main     OS Version: #73-Ubuntu SMP Thu Sep 12 13:16:13 UTC 2019
00:02:39.710439 VMMDev: Guest Log: 10:18:16.777401 main     Executable: /opt/VBoxGuestAdditions-6.0.4/sbin/VBoxService
00:02:39.710487 VMMDev: Guest Log: 10:18:16.777402 main     Process ID: 1743
00:02:39.710533 VMMDev: Guest Log: 10:18:16.777402 main     Package type: LINUX_64BITS_GENERIC
00:02:39.711161 VMMDev: Guest Log: 10:18:16.778123 main     6.0.4 r128413 started. Verbose level = 0
00:02:39.727804 GUI: UISession::sltAdditionsChange: GA state change event came, notifying listeners
00:02:39.728179 GUI: UIMachineLogicNormal::sltCheckForRequestedVisualStateType: Requested-state=0, Machine-state=5
00:02:39.732141 VMMDev: Guest Log: 10:18:16.799083 main     vbglR3GuestCtrlDetectPeekGetCancelSupport: Supported (#1)
00:02:39.733950 GUI: UISession::sltAdditionsChange: GA state really changed, notifying listeners
00:02:39.734118 GUI: UIMachineViewNormal::adjustGuestScreenSize: Adjust guest-screen size if necessary
00:02:39.734229 GUI: UISession::sltAdditionsChange: GA state change event came, notifying listeners
00:02:39.734292 GUI: UIMachineLogicNormal::sltCheckForRequestedVisualStateType: Requested-state=0, Machine-state=5
00:02:39.742951 VMMDev: Guest Log: 10:18:16.809898 automount vbsvcAutomounterMountIt: Successfully mounted 'Shared_VM_Folder' on '/mnt/share'
